{"/home/travis/build/npmtest/node-npmtest-jsqrcode/test.js":{"path":"/home/travis/build/npmtest/node-npmtest-jsqrcode/test.js","s":{"1":2,"2":2,"3":2,"4":2,"5":2,"6":2,"7":2,"8":1,"9":2,"10":2,"11":1,"12":1,"13":1,"14":1,"15":2,"16":2,"17":2,"18":2,"19":1,"20":1,"21":2,"22":2,"23":2,"24":1,"25":1,"26":1,"27":1,"28":1,"29":1,"30":1,"31":1,"32":1,"33":1,"34":1,"35":1,"36":1,"37":1,"38":1,"39":2,"40":2,"41":1,"42":2,"43":2,"44":1,"45":2,"46":2,"47":1,"48":2,"49":2,"50":1,"51":1,"52":1,"53":1,"54":1},"b":{"1":[2,1,1,1],"2":[1,1,1,1],"3":[1,1],"4":[1,1],"5":[1,1],"6":[1,1],"7":[1,1],"8":[1,1],"9":[1,1],"10":[1,1,1],"11":[1,1],"12":[1,1],"13":[1,1],"14":[1,1],"15":[1,1],"16":[1,1],"17":[1,1]},"f":{"1":2,"2":2,"3":2,"4":2,"5":2,"6":1,"7":1,"8":1,"9":2,"10":2,"11":2,"12":2,"13":1},"fnMap":{"1":{"name":"(anonymous_1)","line":12,"loc":{"start":{"line":12,"column":1},"end":{"line":12,"column":13}}},"2":{"name":"(anonymous_2)","line":19,"loc":{"start":{"line":19,"column":5},"end":{"line":19,"column":17}}},"3":{"name":"(anonymous_3)","line":23,"loc":{"start":{"line":23,"column":24},"end":{"line":23,"column":36}}},"4":{"name":"(anonymous_4)","line":61,"loc":{"start":{"line":61,"column":5},"end":{"line":61,"column":17}}},"5":{"name":"(anonymous_5)","line":82,"loc":{"start":{"line":82,"column":5},"end":{"line":82,"column":17}}},"6":{"name":"(anonymous_6)","line":91,"loc":{"start":{"line":91,"column":77},"end":{"line":94,"column":10}}},"7":{"name":"(anonymous_7)","line":112,"loc":{"start":{"line":112,"column":83},"end":{"line":115,"column":10}},"skip":true},"8":{"name":"(anonymous_8)","line":123,"loc":{"start":{"line":123,"column":77},"end":{"line":126,"column":10}},"skip":true},"9":{"name":"(anonymous_9)","line":139,"loc":{"start":{"line":139,"column":12},"end":{"line":139,"column":40}},"skip":true},"10":{"name":"(anonymous_10)","line":147,"loc":{"start":{"line":147,"column":77},"end":{"line":150,"column":10}},"skip":true},"11":{"name":"(anonymous_11)","line":158,"loc":{"start":{"line":158,"column":83},"end":{"line":161,"column":10}},"skip":true},"12":{"name":"(anonymous_12)","line":169,"loc":{"start":{"line":169,"column":79},"end":{"line":172,"column":10}},"skip":true},"13":{"name":"(anonymous_13)","line":180,"loc":{"start":{"line":180,"column":75},"end":{"line":183,"column":10}},"skip":true}},"statementMap":{"1":{"start":{"line":12,"column":0},"end":{"line":195,"column":5}},"2":{"start":{"line":14,"column":4},"end":{"line":14,"column":14}},"3":{"start":{"line":19,"column":4},"end":{"line":56,"column":9}},"4":{"start":{"line":21,"column":8},"end":{"line":21,"column":19}},"5":{"start":{"line":23,"column":8},"end":{"line":35,"column":13}},"6":{"start":{"line":24,"column":12},"end":{"line":34,"column":13}},"7":{"start":{"line":25,"column":16},"end":{"line":28,"column":30}},"8":{"start":{"line":30,"column":16},"end":{"line":33,"column":27}},"9":{"start":{"line":37,"column":8},"end":{"line":39,"column":21}},"10":{"start":{"line":40,"column":8},"end":{"line":53,"column":9}},"11":{"start":{"line":43,"column":12},"end":{"line":46,"column":14}},"12":{"start":{"line":47,"column":12},"end":{"line":47,"column":18}},"13":{"start":{"line":50,"column":12},"end":{"line":51,"column":46}},"14":{"start":{"line":52,"column":12},"end":{"line":52,"column":18}},"15":{"start":{"line":55,"column":8},"end":{"line":55,"column":35}},"16":{"start":{"line":61,"column":4},"end":{"line":63,"column":9}},"17":{"start":{"line":62,"column":8},"end":{"line":62,"column":15}},"18":{"start":{"line":64,"column":4},"end":{"line":77,"column":5}},"19":{"start":{"line":70,"column":8},"end":{"line":70,"column":14}},"20":{"start":{"line":76,"column":8},"end":{"line":76,"column":14}},"21":{"start":{"line":82,"column":4},"end":{"line":84,"column":9}},"22":{"start":{"line":83,"column":8},"end":{"line":83,"column":15}},"23":{"start":{"line":85,"column":4},"end":{"line":194,"column":5}},"24":{"start":{"line":91,"column":8},"end":{"line":99,"column":10}},"25":{"start":{"line":98,"column":12},"end":{"line":98,"column":35}},"26":{"start":{"line":102,"column":8},"end":{"line":104,"column":63}},"27":{"start":{"line":105,"column":8},"end":{"line":105,"column":14}},"28":{"start":{"line":112,"column":8},"end":{"line":121,"column":10},"skip":true},"29":{"start":{"line":119,"column":12},"end":{"line":119,"column":55},"skip":true},"30":{"start":{"line":120,"column":12},"end":{"line":120,"column":48},"skip":true},"31":{"start":{"line":123,"column":8},"end":{"line":136,"column":10},"skip":true},"32":{"start":{"line":130,"column":12},"end":{"line":130,"column":76},"skip":true},"33":{"start":{"line":131,"column":12},"end":{"line":131,"column":73},"skip":true},"34":{"start":{"line":132,"column":12},"end":{"line":132,"column":74},"skip":true},"35":{"start":{"line":133,"column":12},"end":{"line":133,"column":79},"skip":true},"36":{"start":{"line":134,"column":12},"end":{"line":134,"column":25},"skip":true},"37":{"start":{"line":135,"column":12},"end":{"line":135,"column":45},"skip":true},"38":{"start":{"line":138,"column":8},"end":{"line":145,"column":14},"skip":true},"39":{"start":{"line":143,"column":16},"end":{"line":143,"column":29},"skip":true},"40":{"start":{"line":144,"column":16},"end":{"line":144,"column":55},"skip":true},"41":{"start":{"line":147,"column":8},"end":{"line":156,"column":10},"skip":true},"42":{"start":{"line":154,"column":12},"end":{"line":154,"column":25},"skip":true},"43":{"start":{"line":155,"column":12},"end":{"line":155,"column":45},"skip":true},"44":{"start":{"line":158,"column":8},"end":{"line":167,"column":10},"skip":true},"45":{"start":{"line":165,"column":12},"end":{"line":165,"column":25},"skip":true},"46":{"start":{"line":166,"column":12},"end":{"line":166,"column":48},"skip":true},"47":{"start":{"line":169,"column":8},"end":{"line":178,"column":10},"skip":true},"48":{"start":{"line":176,"column":12},"end":{"line":176,"column":25},"skip":true},"49":{"start":{"line":177,"column":12},"end":{"line":177,"column":46},"skip":true},"50":{"start":{"line":180,"column":8},"end":{"line":189,"column":10},"skip":true},"51":{"start":{"line":187,"column":12},"end":{"line":187,"column":94},"skip":true},"52":{"start":{"line":188,"column":12},"end":{"line":188,"column":48},"skip":true},"53":{"start":{"line":192,"column":8},"end":{"line":192,"column":35},"skip":true},"54":{"start":{"line":193,"column":8},"end":{"line":193,"column":14},"skip":true}},"branchMap":{"1":{"line":25,"type":"binary-expr","locations":[{"start":{"line":25,"column":23},"end":{"line":25,"column":62}},{"start":{"line":26,"column":20},"end":{"line":26,"column":70}},{"start":{"line":27,"column":20},"end":{"line":27,"column":71}},{"start":{"line":28,"column":20},"end":{"line":28,"column":29}}]},"2":{"line":30,"type":"binary-expr","locations":[{"start":{"line":30,"column":23},"end":{"line":30,"column":37}},{"start":{"line":31,"column":20},"end":{"line":31,"column":61}},{"start":{"line":32,"column":20},"end":{"line":32,"column":70}},{"start":{"line":33,"column":20},"end":{"line":33,"column":26}}]},"3":{"line":37,"type":"cond-expr","locations":[{"start":{"line":38,"column":14},"end":{"line":38,"column":20}},{"start":{"line":39,"column":14},"end":{"line":39,"column":20}}]},"4":{"line":40,"type":"switch","locations":[{"start":{"line":42,"column":8},"end":{"line":47,"column":18}},{"start":{"line":49,"column":8},"end":{"line":52,"column":18}}]},"5":{"line":44,"type":"binary-expr","locations":[{"start":{"line":44,"column":16},"end":{"line":44,"column":44}},{"start":{"line":44,"column":48},"end":{"line":44,"column":66}}]},"6":{"line":50,"type":"binary-expr","locations":[{"start":{"line":50,"column":21},"end":{"line":50,"column":49}},{"start":{"line":50,"column":53},"end":{"line":50,"column":72}}]},"7":{"line":64,"type":"switch","locations":[{"start":{"line":69,"column":4},"end":{"line":70,"column":14}},{"start":{"line":75,"column":4},"end":{"line":76,"column":14}}]},"8":{"line":85,"type":"switch","locations":[{"start":{"line":90,"column":4},"end":{"line":105,"column":14}},{"start":{"line":111,"column":4},"end":{"line":193,"column":14},"skip":true}]},"9":{"line":91,"type":"binary-expr","locations":[{"start":{"line":91,"column":42},"end":{"line":91,"column":73}},{"start":{"line":91,"column":77},"end":{"line":99,"column":9}}]},"10":{"line":102,"type":"binary-expr","locations":[{"start":{"line":102,"column":18},"end":{"line":102,"column":32}},{"start":{"line":103,"column":12},"end":{"line":103,"column":53}},{"start":{"line":104,"column":12},"end":{"line":104,"column":61}}]},"11":{"line":112,"type":"binary-expr","locations":[{"start":{"line":112,"column":45},"end":{"line":112,"column":79},"skip":true},{"start":{"line":112,"column":83},"end":{"line":121,"column":9},"skip":true}]},"12":{"line":123,"type":"binary-expr","locations":[{"start":{"line":123,"column":42},"end":{"line":123,"column":73},"skip":true},{"start":{"line":123,"column":77},"end":{"line":136,"column":9},"skip":true}]},"13":{"line":138,"type":"binary-expr","locations":[{"start":{"line":138,"column":48},"end":{"line":138,"column":85},"skip":true},{"start":{"line":139,"column":12},"end":{"line":145,"column":13},"skip":true}]},"14":{"line":147,"type":"binary-expr","locations":[{"start":{"line":147,"column":42},"end":{"line":147,"column":73},"skip":true},{"start":{"line":147,"column":77},"end":{"line":156,"column":9},"skip":true}]},"15":{"line":158,"type":"binary-expr","locations":[{"start":{"line":158,"column":45},"end":{"line":158,"column":79},"skip":true},{"start":{"line":158,"column":83},"end":{"line":167,"column":9},"skip":true}]},"16":{"line":169,"type":"binary-expr","locations":[{"start":{"line":169,"column":43},"end":{"line":169,"column":75},"skip":true},{"start":{"line":169,"column":79},"end":{"line":178,"column":9},"skip":true}]},"17":{"line":180,"type":"binary-expr","locations":[{"start":{"line":180,"column":41},"end":{"line":180,"column":71},"skip":true},{"start":{"line":180,"column":75},"end":{"line":189,"column":9},"skip":true}]}},"code":["/* istanbul instrument in package npmtest_jsqrcode */","/*jslint","    bitwise: true,","    browser: true,","    maxerr: 8,","    maxlen: 96,","    node: true,","    nomen: true,","    regexp: true,","    stupid: true","*/","(function () {","    'use strict';","    var local;","","","","    // run shared js-env code - pre-init","    (function () {","        // init local","        local = {};","        // init modeJs","        local.modeJs = (function () {","            try {","                return typeof navigator.userAgent === 'string' &&","                    typeof document.querySelector('body') === 'object' &&","                    typeof XMLHttpRequest.prototype.open === 'function' &&","                    'browser';","            } catch (errorCaughtBrowser) {","                return module.exports &&","                    typeof process.versions.node === 'string' &&","                    typeof require('http').createServer === 'function' &&","                    'node';","            }","        }());","        // init global","        local.global = local.modeJs === 'browser'","            ? window","            : global;","        switch (local.modeJs) {","        // re-init local from window.local","        case 'browser':","            local = local.global.utility2.objectSetDefault(","                local.global.utility2_rollup || local.global.local,","                local.global.utility2","            );","            break;","        // re-init local from example.js","        case 'node':","            local = (local.global.utility2_rollup || require('utility2'))","                .requireExampleJsFromReadme();","            break;","        }","        // export local","        local.global.local = local;","    }());","","","","    // run shared js-env code - function","    (function () {","        return;","    }());","    switch (local.modeJs) {","","","","    // run browser js-env code - function","    case 'browser':","        break;","","","","    // run node js-env code - function","    case 'node':","        break;","    }","","","","    // run shared js-env code - post-init","    (function () {","        return;","    }());","    switch (local.modeJs) {","","","","    // run browser js-env code - post-init","    case 'browser':","        local.testCase_browser_nullCase = local.testCase_browser_nullCase || function (","            options,","            onError","        ) {","        /*","         * this function will test browsers's null-case handling-behavior-behavior","         */","            onError(null, options);","        };","","        // run tests","        local.nop(local.modeTest &&","            document.querySelector('#testRunButton1') &&","            document.querySelector('#testRunButton1').click());","        break;","","","","    // run node js-env code - post-init","    /* istanbul ignore next */","    case 'node':","        local.testCase_buildApidoc_default = local.testCase_buildApidoc_default || function (","            options,","            onError","        ) {","        /*","         * this function will test buildApidoc's default handling-behavior-behavior","         */","            options = { modulePathList: module.paths };","            local.buildApidoc(options, onError);","        };","","        local.testCase_buildApp_default = local.testCase_buildApp_default || function (","            options,","            onError","        ) {","        /*","         * this function will test buildApp's default handling-behavior-behavior","         */","            local.testCase_buildReadme_default(options, local.onErrorThrow);","            local.testCase_buildLib_default(options, local.onErrorThrow);","            local.testCase_buildTest_default(options, local.onErrorThrow);","            local.testCase_buildCustomOrg_default(options, local.onErrorThrow);","            options = [];","            local.buildApp(options, onError);","        };","","        local.testCase_buildCustomOrg_default = local.testCase_buildCustomOrg_default ||","            function (options, onError) {","            /*","             * this function will test buildCustomOrg's default handling-behavior","             */","                options = {};","                local.buildCustomOrg(options, onError);","            };","","        local.testCase_buildLib_default = local.testCase_buildLib_default || function (","            options,","            onError","        ) {","        /*","         * this function will test buildLib's default handling-behavior","         */","            options = {};","            local.buildLib(options, onError);","        };","","        local.testCase_buildReadme_default = local.testCase_buildReadme_default || function (","            options,","            onError","        ) {","        /*","         * this function will test buildReadme's default handling-behavior-behavior","         */","            options = {};","            local.buildReadme(options, onError);","        };","","        local.testCase_buildTest_default = local.testCase_buildTest_default || function (","            options,","            onError","        ) {","        /*","         * this function will test buildTest's default handling-behavior","         */","            options = {};","            local.buildTest(options, onError);","        };","","        local.testCase_webpage_default = local.testCase_webpage_default || function (","            options,","            onError","        ) {","        /*","         * this function will test webpage's default handling-behavior","         */","            options = { modeCoverageMerge: true, url: local.serverLocalHost + '?modeTest=1' };","            local.browserTest(options, onError);","        };","","        // run test-server","        local.testRunServer(local);","        break;","    }","}());",""],"l":{"12":2,"14":2,"19":2,"21":2,"23":2,"24":2,"25":2,"30":1,"37":2,"40":2,"43":1,"47":1,"50":1,"52":1,"55":2,"61":2,"62":2,"64":2,"70":1,"76":1,"82":2,"83":2,"85":2,"91":1,"98":1,"102":1,"105":1,"112":1,"119":1,"120":1,"123":1,"130":1,"131":1,"132":1,"133":1,"134":1,"135":1,"138":1,"143":2,"144":2,"147":1,"154":2,"155":2,"158":1,"165":2,"166":2,"169":1,"176":2,"177":2,"180":1,"187":1,"188":1,"192":1,"193":1}},"/home/travis/build/npmtest/node-npmtest-jsqrcode/lib.npmtest_jsqrcode.js":{"path":"/home/travis/build/npmtest/node-npmtest-jsqrcode/lib.npmtest_jsqrcode.js","s":{"1":2,"2":2,"3":2,"4":2,"5":2,"6":2,"7":2,"8":1,"9":2,"10":2,"11":2,"12":2,"13":1,"14":1,"15":1,"16":1},"b":{"1":[2,1,1,1],"2":[1,1,1,1],"3":[1,1],"4":[2,2],"5":[1,1]},"f":{"1":2,"2":2,"3":2},"fnMap":{"1":{"name":"(anonymous_1)","line":12,"loc":{"start":{"line":12,"column":1},"end":{"line":12,"column":13}}},"2":{"name":"(anonymous_2)","line":19,"loc":{"start":{"line":19,"column":5},"end":{"line":19,"column":17}}},"3":{"name":"(anonymous_3)","line":23,"loc":{"start":{"line":23,"column":24},"end":{"line":23,"column":36}}}},"statementMap":{"1":{"start":{"line":12,"column":0},"end":{"line":53,"column":5}},"2":{"start":{"line":14,"column":4},"end":{"line":14,"column":14}},"3":{"start":{"line":19,"column":4},"end":{"line":52,"column":9}},"4":{"start":{"line":21,"column":8},"end":{"line":21,"column":19}},"5":{"start":{"line":23,"column":8},"end":{"line":35,"column":13}},"6":{"start":{"line":24,"column":12},"end":{"line":34,"column":13}},"7":{"start":{"line":25,"column":16},"end":{"line":28,"column":30}},"8":{"start":{"line":30,"column":16},"end":{"line":33,"column":27}},"9":{"start":{"line":37,"column":8},"end":{"line":39,"column":21}},"10":{"start":{"line":41,"column":8},"end":{"line":41,"column":54}},"11":{"start":{"line":43,"column":8},"end":{"line":43,"column":53}},"12":{"start":{"line":45,"column":8},"end":{"line":51,"column":9}},"13":{"start":{"line":46,"column":12},"end":{"line":46,"column":59}},"14":{"start":{"line":48,"column":12},"end":{"line":48,"column":35}},"15":{"start":{"line":49,"column":12},"end":{"line":49,"column":49}},"16":{"start":{"line":50,"column":12},"end":{"line":50,"column":43}}},"branchMap":{"1":{"line":25,"type":"binary-expr","locations":[{"start":{"line":25,"column":23},"end":{"line":25,"column":62}},{"start":{"line":26,"column":20},"end":{"line":26,"column":70}},{"start":{"line":27,"column":20},"end":{"line":27,"column":71}},{"start":{"line":28,"column":20},"end":{"line":28,"column":29}}]},"2":{"line":30,"type":"binary-expr","locations":[{"start":{"line":30,"column":23},"end":{"line":30,"column":37}},{"start":{"line":31,"column":20},"end":{"line":31,"column":61}},{"start":{"line":32,"column":20},"end":{"line":32,"column":70}},{"start":{"line":33,"column":20},"end":{"line":33,"column":26}}]},"3":{"line":37,"type":"cond-expr","locations":[{"start":{"line":38,"column":14},"end":{"line":38,"column":20}},{"start":{"line":39,"column":14},"end":{"line":39,"column":20}}]},"4":{"line":41,"type":"binary-expr","locations":[{"start":{"line":41,"column":16},"end":{"line":41,"column":44}},{"start":{"line":41,"column":48},"end":{"line":41,"column":53}}]},"5":{"line":45,"type":"if","locations":[{"start":{"line":45,"column":8},"end":{"line":45,"column":8}},{"start":{"line":45,"column":8},"end":{"line":45,"column":8}}]}},"code":["/* istanbul instrument in package npmtest_jsqrcode */","/*jslint","    bitwise: true,","    browser: true,","    maxerr: 8,","    maxlen: 96,","    node: true,","    nomen: true,","    regexp: true,","    stupid: true","*/","(function () {","    'use strict';","    var local;","","","","    // run shared js-env code - pre-init","    (function () {","        // init local","        local = {};","        // init modeJs","        local.modeJs = (function () {","            try {","                return typeof navigator.userAgent === 'string' &&","                    typeof document.querySelector('body') === 'object' &&","                    typeof XMLHttpRequest.prototype.open === 'function' &&","                    'browser';","            } catch (errorCaughtBrowser) {","                return module.exports &&","                    typeof process.versions.node === 'string' &&","                    typeof require('http').createServer === 'function' &&","                    'node';","            }","        }());","        // init global","        local.global = local.modeJs === 'browser'","            ? window","            : global;","        // init utility2_rollup","        local = local.global.utility2_rollup || local;","        // init lib","        local.local = local.npmtest_jsqrcode = local;","        // init exports","        if (local.modeJs === 'browser') {","            local.global.utility2_npmtest_jsqrcode = local;","        } else {","            module.exports = local;","            module.exports.__dirname = __dirname;","            module.exports.module = module;","        }","    }());","}());",""],"l":{"12":2,"14":2,"19":2,"21":2,"23":2,"24":2,"25":2,"30":1,"37":2,"41":2,"43":2,"45":2,"46":1,"48":1,"49":1,"50":1}},"/home/travis/build/npmtest/node-npmtest-jsqrcode/example.js":{"path":"/home/travis/build/npmtest/node-npmtest-jsqrcode/example.js","s":{"1":2,"2":2,"3":2,"4":2,"5":2,"6":2,"7":2,"8":1,"9":2,"10":2,"11":2,"12":2,"13":1,"14":2,"15":2,"16":2,"17":2,"18":2,"19":0,"20":2,"21":1,"22":1,"23":1,"24":1,"25":1,"26":0,"27":0,"28":1,"29":1,"30":2,"31":0,"32":0,"33":0,"34":1,"35":2,"36":2,"37":3,"38":3,"39":3,"40":3,"41":0,"42":3,"43":3,"44":3,"45":1,"46":3,"47":1,"48":1,"49":1,"50":1,"51":1,"52":1,"53":1,"54":1,"55":1,"56":1,"57":0,"58":1,"59":6,"60":6,"61":1,"62":2,"63":0,"64":2,"65":1,"66":1,"67":0,"68":0,"69":0,"70":0,"71":0,"72":0,"73":0,"74":0,"75":0,"76":0,"77":0,"78":0,"79":0,"80":0,"81":0,"82":0,"83":0},"b":{"1":[2,1,1,1],"2":[1,1,1,1],"3":[1,1],"4":[2,2],"5":[1,1],"6":[1,1],"7":[2,0],"8":[2,1,1,1,1,1],"9":[0,2,0],"10":[1,1],"11":[2,1,1],"12":[1,0],"13":[0,2],"14":[2,0,0,0,0,0,0],"15":[0,3],"16":[3,0],"17":[1,1],"18":[0,1],"19":[1,2,0,2],"20":[1,0],"21":[1,1],"22":[0,0],"23":[0,0],"24":[0,0],"25":[0,0],"26":[0,0],"27":[0,0],"28":[0,0]},"f":{"1":2,"2":2,"3":2,"4":2,"5":2,"6":2,"7":3,"8":3,"9":3,"10":1,"11":6,"12":0},"fnMap":{"1":{"name":"(anonymous_1)","line":26,"loc":{"start":{"line":26,"column":1},"end":{"line":26,"column":13}}},"2":{"name":"(anonymous_2)","line":33,"loc":{"start":{"line":33,"column":5},"end":{"line":33,"column":17}}},"3":{"name":"(anonymous_3)","line":37,"loc":{"start":{"line":37,"column":24},"end":{"line":37,"column":36}}},"4":{"name":"(anonymous_4)","line":69,"loc":{"start":{"line":69,"column":31},"end":{"line":69,"column":48}},"skip":true},"5":{"name":"(anonymous_5)","line":78,"loc":{"start":{"line":78,"column":26},"end":{"line":78,"column":45}},"skip":true},"6":{"name":"(anonymous_6)","line":123,"loc":{"start":{"line":123,"column":33},"end":{"line":123,"column":48}},"skip":true},"7":{"name":"(anonymous_7)","line":125,"loc":{"start":{"line":125,"column":27},"end":{"line":125,"column":39}},"skip":true},"8":{"name":"(anonymous_8)","line":133,"loc":{"start":{"line":133,"column":59},"end":{"line":133,"column":74}},"skip":true},"9":{"name":"(anonymous_9)","line":143,"loc":{"start":{"line":143,"column":45},"end":{"line":143,"column":62}},"skip":true},"10":{"name":"(anonymous_10)","line":144,"loc":{"start":{"line":144,"column":73},"end":{"line":144,"column":92}},"skip":true},"11":{"name":"(anonymous_11)","line":272,"loc":{"start":{"line":272,"column":51},"end":{"line":272,"column":77}},"skip":true},"12":{"name":"(anonymous_12)","line":314,"loc":{"start":{"line":314,"column":32},"end":{"line":314,"column":61}},"skip":true}},"statementMap":{"1":{"start":{"line":26,"column":0},"end":{"line":325,"column":5}},"2":{"start":{"line":28,"column":4},"end":{"line":28,"column":14}},"3":{"start":{"line":33,"column":4},"end":{"line":60,"column":9}},"4":{"start":{"line":35,"column":8},"end":{"line":35,"column":19}},"5":{"start":{"line":37,"column":8},"end":{"line":49,"column":13}},"6":{"start":{"line":38,"column":12},"end":{"line":48,"column":13}},"7":{"start":{"line":39,"column":16},"end":{"line":42,"column":30}},"8":{"start":{"line":44,"column":16},"end":{"line":47,"column":27}},"9":{"start":{"line":51,"column":8},"end":{"line":53,"column":21}},"10":{"start":{"line":55,"column":8},"end":{"line":57,"column":45}},"11":{"start":{"line":59,"column":8},"end":{"line":59,"column":35}},"12":{"start":{"line":61,"column":4},"end":{"line":324,"column":5}},"13":{"start":{"line":69,"column":8},"end":{"line":121,"column":10},"skip":true},"14":{"start":{"line":70,"column":12},"end":{"line":88,"column":13},"skip":true},"15":{"start":{"line":76,"column":16},"end":{"line":87,"column":19},"skip":true},"16":{"start":{"line":79,"column":20},"end":{"line":86,"column":21},"skip":true},"17":{"start":{"line":82,"column":24},"end":{"line":82,"column":43},"skip":true},"18":{"start":{"line":83,"column":24},"end":{"line":83,"column":30},"skip":true},"19":{"start":{"line":85,"column":24},"end":{"line":85,"column":49},"skip":true},"20":{"start":{"line":89,"column":12},"end":{"line":107,"column":13},"skip":true},"21":{"start":{"line":92,"column":16},"end":{"line":102,"column":17},"skip":true},"22":{"start":{"line":93,"column":20},"end":{"line":93,"column":86},"skip":true},"23":{"start":{"line":94,"column":20},"end":{"line":95,"column":45},"skip":true},"24":{"start":{"line":96,"column":20},"end":{"line":96,"column":42},"skip":true},"25":{"start":{"line":97,"column":20},"end":{"line":97,"column":48},"skip":true},"26":{"start":{"line":100,"column":20},"end":{"line":100,"column":85},"skip":true},"27":{"start":{"line":101,"column":20},"end":{"line":101,"column":96},"skip":true},"28":{"start":{"line":103,"column":16},"end":{"line":103,"column":22},"skip":true},"29":{"start":{"line":106,"column":16},"end":{"line":106,"column":22},"skip":true},"30":{"start":{"line":108,"column":12},"end":{"line":120,"column":13},"skip":true},"31":{"start":{"line":114,"column":16},"end":{"line":119,"column":17},"skip":true},"32":{"start":{"line":116,"column":20},"end":{"line":116,"column":78},"skip":true},"33":{"start":{"line":118,"column":20},"end":{"line":118,"column":47},"skip":true},"34":{"start":{"line":123,"column":8},"end":{"line":141,"column":11},"skip":true},"35":{"start":{"line":124,"column":12},"end":{"line":124,"column":54},"skip":true},"36":{"start":{"line":125,"column":12},"end":{"line":140,"column":14},"skip":true},"37":{"start":{"line":126,"column":16},"end":{"line":126,"column":28},"skip":true},"38":{"start":{"line":127,"column":16},"end":{"line":127,"column":69},"skip":true},"39":{"start":{"line":128,"column":16},"end":{"line":128,"column":75},"skip":true},"40":{"start":{"line":129,"column":16},"end":{"line":131,"column":17},"skip":true},"41":{"start":{"line":130,"column":20},"end":{"line":130,"column":27},"skip":true},"42":{"start":{"line":133,"column":16},"end":{"line":137,"column":36},"skip":true},"43":{"start":{"line":134,"column":20},"end":{"line":136,"column":55},"skip":true},"44":{"start":{"line":139,"column":16},"end":{"line":139,"column":57},"skip":true},"45":{"start":{"line":143,"column":8},"end":{"line":147,"column":11},"skip":true},"46":{"start":{"line":144,"column":12},"end":{"line":146,"column":15},"skip":true},"47":{"start":{"line":145,"column":16},"end":{"line":145,"column":70},"skip":true},"48":{"start":{"line":149,"column":8},"end":{"line":149,"column":31},"skip":true},"49":{"start":{"line":150,"column":8},"end":{"line":150,"column":14},"skip":true},"50":{"start":{"line":158,"column":8},"end":{"line":158,"column":31},"skip":true},"51":{"start":{"line":160,"column":8},"end":{"line":160,"column":33},"skip":true},"52":{"start":{"line":161,"column":8},"end":{"line":161,"column":37},"skip":true},"53":{"start":{"line":162,"column":8},"end":{"line":162,"column":35},"skip":true},"54":{"start":{"line":164,"column":8},"end":{"line":164,"column":50},"skip":true},"55":{"start":{"line":166,"column":8},"end":{"line":256,"column":2},"skip":true},"56":{"start":{"line":258,"column":8},"end":{"line":286,"column":9},"skip":true},"57":{"start":{"line":259,"column":12},"end":{"line":269,"column":14},"skip":true},"58":{"start":{"line":271,"column":12},"end":{"line":285,"column":19},"skip":true},"59":{"start":{"line":274,"column":20},"end":{"line":274,"column":35},"skip":true},"60":{"start":{"line":275,"column":20},"end":{"line":284,"column":21},"skip":true},"61":{"start":{"line":277,"column":24},"end":{"line":277,"column":64},"skip":true},"62":{"start":{"line":279,"column":24},"end":{"line":279,"column":40},"skip":true},"63":{"start":{"line":281,"column":24},"end":{"line":281,"column":40},"skip":true},"64":{"start":{"line":283,"column":24},"end":{"line":283,"column":39},"skip":true},"65":{"start":{"line":288,"column":8},"end":{"line":290,"column":9},"skip":true},"66":{"start":{"line":289,"column":12},"end":{"line":289,"column":18},"skip":true},"67":{"start":{"line":291,"column":8},"end":{"line":293,"column":54},"skip":true},"68":{"start":{"line":294,"column":8},"end":{"line":301,"column":37},"skip":true},"69":{"start":{"line":302,"column":8},"end":{"line":302,"column":82},"skip":true},"70":{"start":{"line":305,"column":8},"end":{"line":307,"column":9},"skip":true},"71":{"start":{"line":306,"column":12},"end":{"line":306,"column":82},"skip":true},"72":{"start":{"line":309,"column":8},"end":{"line":311,"column":9},"skip":true},"73":{"start":{"line":310,"column":12},"end":{"line":310,"column":18},"skip":true},"74":{"start":{"line":312,"column":8},"end":{"line":312,"column":54},"skip":true},"75":{"start":{"line":313,"column":8},"end":{"line":313,"column":69},"skip":true},"76":{"start":{"line":314,"column":8},"end":{"line":322,"column":36},"skip":true},"77":{"start":{"line":315,"column":12},"end":{"line":315,"column":61},"skip":true},"78":{"start":{"line":316,"column":12},"end":{"line":319,"column":13},"skip":true},"79":{"start":{"line":317,"column":16},"end":{"line":317,"column":75},"skip":true},"80":{"start":{"line":318,"column":16},"end":{"line":318,"column":23},"skip":true},"81":{"start":{"line":320,"column":12},"end":{"line":320,"column":38},"skip":true},"82":{"start":{"line":321,"column":12},"end":{"line":321,"column":27},"skip":true},"83":{"start":{"line":323,"column":8},"end":{"line":323,"column":14},"skip":true}},"branchMap":{"1":{"line":39,"type":"binary-expr","locations":[{"start":{"line":39,"column":23},"end":{"line":39,"column":62}},{"start":{"line":40,"column":20},"end":{"line":40,"column":70}},{"start":{"line":41,"column":20},"end":{"line":41,"column":71}},{"start":{"line":42,"column":20},"end":{"line":42,"column":29}}]},"2":{"line":44,"type":"binary-expr","locations":[{"start":{"line":44,"column":23},"end":{"line":44,"column":37}},{"start":{"line":45,"column":20},"end":{"line":45,"column":61}},{"start":{"line":46,"column":20},"end":{"line":46,"column":70}},{"start":{"line":47,"column":20},"end":{"line":47,"column":26}}]},"3":{"line":51,"type":"cond-expr","locations":[{"start":{"line":52,"column":14},"end":{"line":52,"column":20}},{"start":{"line":53,"column":14},"end":{"line":53,"column":20}}]},"4":{"line":55,"type":"binary-expr","locations":[{"start":{"line":55,"column":16},"end":{"line":55,"column":44}},{"start":{"line":55,"column":49},"end":{"line":57,"column":43}}]},"5":{"line":55,"type":"cond-expr","locations":[{"start":{"line":56,"column":14},"end":{"line":56,"column":52}},{"start":{"line":57,"column":14},"end":{"line":57,"column":43}}]},"6":{"line":61,"type":"switch","locations":[{"start":{"line":68,"column":4},"end":{"line":150,"column":14},"skip":true},{"start":{"line":156,"column":4},"end":{"line":323,"column":14},"skip":true}]},"7":{"line":70,"type":"if","locations":[{"start":{"line":70,"column":12},"end":{"line":70,"column":12},"skip":true},{"start":{"line":70,"column":12},"end":{"line":70,"column":12},"skip":true}]},"8":{"line":70,"type":"binary-expr","locations":[{"start":{"line":70,"column":16},"end":{"line":70,"column":22},"skip":true},{"start":{"line":70,"column":27},"end":{"line":70,"column":32},"skip":true},{"start":{"line":71,"column":20},"end":{"line":71,"column":39},"skip":true},{"start":{"line":72,"column":20},"end":{"line":72,"column":49},"skip":true},{"start":{"line":73,"column":20},"end":{"line":73,"column":58},"skip":true},{"start":{"line":74,"column":20},"end":{"line":74,"column":69},"skip":true}]},"9":{"line":79,"type":"switch","locations":[{"start":{"line":80,"column":20},"end":{"line":80,"column":33},"skip":true},{"start":{"line":81,"column":20},"end":{"line":83,"column":30},"skip":true},{"start":{"line":84,"column":20},"end":{"line":85,"column":49},"skip":true}]},"10":{"line":89,"type":"switch","locations":[{"start":{"line":90,"column":12},"end":{"line":103,"column":22},"skip":true},{"start":{"line":105,"column":12},"end":{"line":106,"column":22},"skip":true}]},"11":{"line":89,"type":"binary-expr","locations":[{"start":{"line":89,"column":20},"end":{"line":89,"column":25},"skip":true},{"start":{"line":89,"column":29},"end":{"line":89,"column":48},"skip":true},{"start":{"line":89,"column":52},"end":{"line":89,"column":74},"skip":true}]},"12":{"line":92,"type":"if","locations":[{"start":{"line":92,"column":16},"end":{"line":92,"column":16},"skip":true},{"start":{"line":92,"column":16},"end":{"line":92,"column":16},"skip":true}]},"13":{"line":108,"type":"if","locations":[{"start":{"line":108,"column":12},"end":{"line":108,"column":12},"skip":true},{"start":{"line":108,"column":12},"end":{"line":108,"column":12},"skip":true}]},"14":{"line":108,"type":"binary-expr","locations":[{"start":{"line":108,"column":16},"end":{"line":108,"column":61},"skip":true},{"start":{"line":108,"column":66},"end":{"line":108,"column":72},"skip":true},{"start":{"line":108,"column":77},"end":{"line":108,"column":82},"skip":true},{"start":{"line":109,"column":20},"end":{"line":109,"column":39},"skip":true},{"start":{"line":110,"column":20},"end":{"line":110,"column":49},"skip":true},{"start":{"line":111,"column":20},"end":{"line":111,"column":58},"skip":true},{"start":{"line":112,"column":20},"end":{"line":112,"column":68},"skip":true}]},"15":{"line":129,"type":"if","locations":[{"start":{"line":129,"column":16},"end":{"line":129,"column":16},"skip":true},{"start":{"line":129,"column":16},"end":{"line":129,"column":16},"skip":true}]},"16":{"line":134,"type":"cond-expr","locations":[{"start":{"line":135,"column":26},"end":{"line":135,"column":29},"skip":true},{"start":{"line":136,"column":26},"end":{"line":136,"column":54},"skip":true}]},"17":{"line":164,"type":"binary-expr","locations":[{"start":{"line":164,"column":27},"end":{"line":164,"column":43},"skip":true},{"start":{"line":164,"column":47},"end":{"line":164,"column":49},"skip":true}]},"18":{"line":258,"type":"if","locations":[{"start":{"line":258,"column":8},"end":{"line":258,"column":8},"skip":true},{"start":{"line":258,"column":8},"end":{"line":258,"column":8},"skip":true}]},"19":{"line":275,"type":"switch","locations":[{"start":{"line":276,"column":20},"end":{"line":277,"column":64},"skip":true},{"start":{"line":278,"column":20},"end":{"line":279,"column":40},"skip":true},{"start":{"line":280,"column":20},"end":{"line":281,"column":40},"skip":true},{"start":{"line":282,"column":20},"end":{"line":283,"column":39},"skip":true}]},"20":{"line":288,"type":"if","locations":[{"start":{"line":288,"column":8},"end":{"line":288,"column":8},"skip":true},{"start":{"line":288,"column":8},"end":{"line":288,"column":8},"skip":true}]},"21":{"line":288,"type":"binary-expr","locations":[{"start":{"line":288,"column":12},"end":{"line":288,"column":40},"skip":true},{"start":{"line":288,"column":44},"end":{"line":288,"column":67},"skip":true}]},"22":{"line":292,"type":"binary-expr","locations":[{"start":{"line":292,"column":12},"end":{"line":292,"column":50},"skip":true},{"start":{"line":293,"column":12},"end":{"line":293,"column":53},"skip":true}]},"23":{"line":295,"type":"binary-expr","locations":[{"start":{"line":295,"column":12},"end":{"line":295,"column":66},"skip":true},{"start":{"line":296,"column":12},"end":{"line":301,"column":36},"skip":true}]},"24":{"line":302,"type":"binary-expr","locations":[{"start":{"line":302,"column":43},"end":{"line":302,"column":75},"skip":true},{"start":{"line":302,"column":79},"end":{"line":302,"column":81},"skip":true}]},"25":{"line":305,"type":"if","locations":[{"start":{"line":305,"column":8},"end":{"line":305,"column":8},"skip":true},{"start":{"line":305,"column":8},"end":{"line":305,"column":8},"skip":true}]},"26":{"line":309,"type":"if","locations":[{"start":{"line":309,"column":8},"end":{"line":309,"column":8},"skip":true},{"start":{"line":309,"column":8},"end":{"line":309,"column":8},"skip":true}]},"27":{"line":312,"type":"binary-expr","locations":[{"start":{"line":312,"column":27},"end":{"line":312,"column":43},"skip":true},{"start":{"line":312,"column":47},"end":{"line":312,"column":53},"skip":true}]},"28":{"line":316,"type":"if","locations":[{"start":{"line":316,"column":12},"end":{"line":316,"column":12},"skip":true},{"start":{"line":316,"column":12},"end":{"line":316,"column":12},"skip":true}]}},"code":["/*","example.js","","quickstart example","","instruction","    1. save this script as example.js","    2. run the shell command:","        $ npm install npmtest-jsqrcode && PORT=8081 node example.js","    3. play with the browser-demo on http://127.0.0.1:8081","*/","","","","/* istanbul instrument in package npmtest_jsqrcode */","/*jslint","    bitwise: true,","    browser: true,","    maxerr: 8,","    maxlen: 96,","    node: true,","    nomen: true,","    regexp: true,","    stupid: true","*/","(function () {","    'use strict';","    var local;","","","","    // run shared js-env code - pre-init","    (function () {","        // init local","        local = {};","        // init modeJs","        local.modeJs = (function () {","            try {","                return typeof navigator.userAgent === 'string' &&","                    typeof document.querySelector('body') === 'object' &&","                    typeof XMLHttpRequest.prototype.open === 'function' &&","                    'browser';","            } catch (errorCaughtBrowser) {","                return module.exports &&","                    typeof process.versions.node === 'string' &&","                    typeof require('http').createServer === 'function' &&","                    'node';","            }","        }());","        // init global","        local.global = local.modeJs === 'browser'","            ? window","            : global;","        // init utility2_rollup","        local = local.global.utility2_rollup || (local.modeJs === 'browser'","            ? local.global.utility2_npmtest_jsqrcode","            : global.utility2_moduleExports);","        // export local","        local.global.local = local;","    }());","    switch (local.modeJs) {","","","","    // post-init","    // run browser js-env code - post-init","    /* istanbul ignore next */","    case 'browser':","        local.testRunBrowser = function (event) {","            if (!event || (event &&","                    event.currentTarget &&","                    event.currentTarget.className &&","                    event.currentTarget.className.includes &&","                    event.currentTarget.className.includes('onreset'))) {","                // reset output","                Array.from(","                    document.querySelectorAll('body > .resettable')","                ).forEach(function (element) {","                    switch (element.tagName) {","                    case 'INPUT':","                    case 'TEXTAREA':","                        element.value = '';","                        break;","                    default:","                        element.textContent = '';","                    }","                });","            }","            switch (event && event.currentTarget && event.currentTarget.id) {","            case 'testRunButton1':","                // show tests","                if (document.querySelector('#testReportDiv1').style.display === 'none') {","                    document.querySelector('#testReportDiv1').style.display = 'block';","                    document.querySelector('#testRunButton1').textContent =","                        'hide internal test';","                    local.modeTest = true;","                    local.testRunDefault(local);","                // hide tests","                } else {","                    document.querySelector('#testReportDiv1').style.display = 'none';","                    document.querySelector('#testRunButton1').textContent = 'run internal test';","                }","                break;","            // custom-case","            default:","                break;","            }","            if (document.querySelector('#inputTextareaEval1') && (!event || (event &&","                    event.currentTarget &&","                    event.currentTarget.className &&","                    event.currentTarget.className.includes &&","                    event.currentTarget.className.includes('oneval')))) {","                // try to eval input-code","                try {","                    /*jslint evil: true*/","                    eval(document.querySelector('#inputTextareaEval1').value);","                } catch (errorCaught) {","                    console.error(errorCaught);","                }","            }","        };","        // log stderr and stdout to #outputTextareaStdout1","        ['error', 'log'].forEach(function (key) {","            console[key + '_original'] = console[key];","            console[key] = function () {","                var element;","                console[key + '_original'].apply(console, arguments);","                element = document.querySelector('#outputTextareaStdout1');","                if (!element) {","                    return;","                }","                // append text to #outputTextareaStdout1","                element.value += Array.from(arguments).map(function (arg) {","                    return typeof arg === 'string'","                        ? arg","                        : JSON.stringify(arg, null, 4);","                }).join(' ') + '\\n';","                // scroll textarea to bottom","                element.scrollTop = element.scrollHeight;","            };","        });","        // init event-handling","        ['change', 'click', 'keyup'].forEach(function (event) {","            Array.from(document.querySelectorAll('.on' + event)).forEach(function (element) {","                element.addEventListener(event, local.testRunBrowser);","            });","        });","        // run tests","        local.testRunBrowser();","        break;","","","","    // run node js-env code - post-init","    /* istanbul ignore next */","    case 'node':","        // export local","        module.exports = local;","        // require modules","        local.fs = require('fs');","        local.http = require('http');","        local.url = require('url');","        // init assets","        local.assetsDict = local.assetsDict || {};","        /* jslint-ignore-begin */","        local.assetsDict['/assets.index.template.html'] = '\\","<!doctype html>\\n\\","<html lang=\"en\">\\n\\","<head>\\n\\","<meta charset=\"UTF-8\">\\n\\","<meta name=\"viewport\" content=\"width=device-width, initial-scale=1\">\\n\\","<title>{{env.npm_package_name}} (v{{env.npm_package_version}})</title>\\n\\","<style>\\n\\","/*csslint\\n\\","    box-sizing: false,\\n\\","    universal-selector: false\\n\\","*/\\n\\","* {\\n\\","    box-sizing: border-box;\\n\\","}\\n\\","body {\\n\\","    background: #dde;\\n\\","    font-family: Arial, Helvetica, sans-serif;\\n\\","    margin: 2rem;\\n\\","}\\n\\","body > * {\\n\\","    margin-bottom: 1rem;\\n\\","}\\n\\",".utility2FooterDiv {\\n\\","    margin-top: 20px;\\n\\","    text-align: center;\\n\\","}\\n\\","</style>\\n\\","<style>\\n\\","/*csslint\\n\\","*/\\n\\","textarea {\\n\\","    font-family: monospace;\\n\\","    height: 10rem;\\n\\","    width: 100%;\\n\\","}\\n\\","textarea[readonly] {\\n\\","    background: #ddd;\\n\\","}\\n\\","</style>\\n\\","</head>\\n\\","<body>\\n\\","<!-- utility2-comment\\n\\","<div id=\"ajaxProgressDiv1\" style=\"background: #d00; height: 2px; left: 0; margin: 0; padding: 0; position: fixed; top: 0; transition: background 0.5s, width 1.5s; width: 25%;\"></div>\\n\\","utility2-comment -->\\n\\","<h1>\\n\\","<!-- utility2-comment\\n\\","    <a\\n\\","        {{#if env.npm_package_homepage}}\\n\\","        href=\"{{env.npm_package_homepage}}\"\\n\\","        {{/if env.npm_package_homepage}}\\n\\","        target=\"_blank\"\\n\\","    >\\n\\","utility2-comment -->\\n\\","        {{env.npm_package_name}} (v{{env.npm_package_version}})\\n\\","<!-- utility2-comment\\n\\","    </a>\\n\\","utility2-comment -->\\n\\","</h1>\\n\\","<h3>{{env.npm_package_description}}</h3>\\n\\","<!-- utility2-comment\\n\\","<h4><a download href=\"assets.app.js\">download standalone app</a></h4>\\n\\","<button class=\"onclick onreset\" id=\"testRunButton1\">run internal test</button><br>\\n\\","<div id=\"testReportDiv1\" style=\"display: none;\"></div>\\n\\","utility2-comment -->\\n\\","\\n\\","\\n\\","\\n\\","<label>stderr and stdout</label>\\n\\","<textarea class=\"resettable\" id=\"outputTextareaStdout1\" readonly></textarea>\\n\\","<!-- utility2-comment\\n\\","{{#if isRollup}}\\n\\","<script src=\"assets.app.js\"></script>\\n\\","{{#unless isRollup}}\\n\\","utility2-comment -->\\n\\","<script src=\"assets.utility2.rollup.js\"></script>\\n\\","<script src=\"jsonp.utility2._stateInit?callback=window.utility2._stateInit\"></script>\\n\\","<script src=\"assets.npmtest_jsqrcode.rollup.js\"></script>\\n\\","<script src=\"assets.example.js\"></script>\\n\\","<script src=\"assets.test.js\"></script>\\n\\","<!-- utility2-comment\\n\\","{{/if isRollup}}\\n\\","utility2-comment -->\\n\\","<div class=\"utility2FooterDiv\">\\n\\","    [ this app was created with\\n\\","    <a href=\"https://github.com/kaizhu256/node-utility2\" target=\"_blank\">utility2</a>\\n\\","    ]\\n\\","</div>\\n\\","</body>\\n\\","</html>\\n\\","';","        /* jslint-ignore-end */","        if (local.templateRender) {","            local.assetsDict['/'] = local.templateRender(","                local.assetsDict['/assets.index.template.html'],","                {","                    env: local.objectSetDefault(local.env, {","                        npm_package_description: 'the greatest app in the world!',","                        npm_package_name: 'my-app',","                        npm_package_nameAlias: 'my_app',","                        npm_package_version: '0.0.1'","                    })","                }","            );","        } else {","            local.assetsDict['/'] = local.assetsDict['/assets.index.template.html']","                .replace((/\\{\\{env\\.(\\w+?)\\}\\}/g), function (match0, match1) {","                    // jslint-hack","                    String(match0);","                    switch (match1) {","                    case 'npm_package_description':","                        return 'the greatest app in the world!';","                    case 'npm_package_name':","                        return 'my-app';","                    case 'npm_package_nameAlias':","                        return 'my_app';","                    case 'npm_package_version':","                        return '0.0.1';","                    }","                });","        }","        // run the cli","        if (local.global.utility2_rollup || module !== require.main) {","            break;","        }","        local.assetsDict['/assets.example.js'] =","            local.assetsDict['/assets.example.js'] ||","            local.fs.readFileSync(__filename, 'utf8');","        local.assetsDict['/assets.npmtest_jsqrcode.rollup.js'] =","            local.assetsDict['/assets.npmtest_jsqrcode.rollup.js'] ||","            local.fs.readFileSync(","                // buildCustomOrg-hack","                local.npmtest_jsqrcode.__dirname +","                    '/lib.npmtest_jsqrcode.js',","                'utf8'","            ).replace((/^#!/), '//');","        local.assetsDict['/favicon.ico'] = local.assetsDict['/favicon.ico'] || '';","        // if $npm_config_timeout_exit exists,","        // then exit this process after $npm_config_timeout_exit ms","        if (Number(process.env.npm_config_timeout_exit)) {","            setTimeout(process.exit, Number(process.env.npm_config_timeout_exit));","        }","        // start server","        if (local.global.utility2_serverHttp1) {","            break;","        }","        process.env.PORT = process.env.PORT || '8081';","        console.error('server starting on port ' + process.env.PORT);","        local.http.createServer(function (request, response) {","            request.urlParsed = local.url.parse(request.url);","            if (local.assetsDict[request.urlParsed.pathname] !== undefined) {","                response.end(local.assetsDict[request.urlParsed.pathname]);","                return;","            }","            response.statusCode = 404;","            response.end();","        }).listen(process.env.PORT);","        break;","    }","}());",""],"l":{"26":2,"28":2,"33":2,"35":2,"37":2,"38":2,"39":2,"44":1,"51":2,"55":2,"59":2,"61":2,"69":1,"70":2,"76":2,"79":2,"82":2,"83":2,"85":1,"89":2,"92":1,"93":1,"94":1,"96":1,"97":1,"100":1,"101":1,"103":1,"106":1,"108":2,"114":1,"116":1,"118":1,"123":1,"124":2,"125":2,"126":3,"127":3,"128":3,"129":3,"130":1,"133":3,"134":3,"139":3,"143":1,"144":3,"145":1,"149":1,"150":1,"158":1,"160":1,"161":1,"162":1,"164":1,"166":1,"258":1,"259":1,"271":1,"274":6,"275":6,"277":1,"279":2,"281":1,"283":2,"288":1,"289":1,"291":1,"294":1,"302":1,"305":1,"306":1,"309":1,"310":1,"312":1,"313":1,"314":1,"315":1,"316":1,"317":1,"318":1,"320":1,"321":1,"323":1}},"/home/travis/build/npmtest/node-npmtest-jsqrcode/node_modules/jsqrcode/src/qrcode.js":{"path":"/home/travis/build/npmtest/node-npmtest-jsqrcode/node_modules/jsqrcode/src/qrcode.js","s":{"1":1,"2":1,"3":9,"4":8,"5":1,"6":1,"7":1,"8":0,"9":0,"10":0,"11":0,"12":0,"13":0,"14":0,"15":0,"16":0,"17":0,"18":0,"19":0,"20":0,"21":0,"22":1,"23":0,"24":1,"25":0,"26":1,"27":1,"28":1,"29":0,"30":0,"31":0,"32":0,"33":0,"34":0,"35":0,"36":0,"37":0,"38":0,"39":0,"40":0,"41":0,"42":0,"43":0,"44":0,"45":0,"46":0,"47":0,"48":0,"49":0,"50":0,"51":0,"52":0,"53":0,"54":0,"55":1,"56":0,"57":0,"58":0,"59":0,"60":0,"61":0,"62":0,"63":0,"64":0,"65":0,"66":0,"67":0,"68":0,"69":0,"70":0,"71":0,"72":0,"73":0,"74":0,"75":0,"76":0,"77":0,"78":0,"79":0,"80":0,"81":0,"82":0,"83":0,"84":0,"85":0,"86":0,"87":0,"88":0,"89":0,"90":0,"91":0,"92":0,"93":0,"94":0,"95":0,"96":0,"97":0,"98":0,"99":0,"100":0,"101":0,"102":0,"103":0,"104":0,"105":0,"106":0,"107":0,"108":0,"109":0,"110":0,"111":0,"112":0,"113":0,"114":0,"115":0,"116":0,"117":0,"118":0,"119":0,"120":0,"121":0,"122":0,"123":0,"124":0,"125":0,"126":0,"127":0,"128":0,"129":0,"130":0,"131":0,"132":0,"133":0,"134":0,"135":0,"136":0,"137":0,"138":0,"139":0,"140":0,"141":0,"142":0,"143":0,"144":0,"145":0,"146":0,"147":0,"148":0,"149":0,"150":0,"151":0,"152":0,"153":0,"154":0,"155":0,"156":0,"157":0,"158":0,"159":0,"160":0},"b":{"1":[8,1],"2":[0,1],"3":[0,0],"4":[0,0],"5":[1,0],"6":[0,0],"7":[0,0],"8":[0,0],"9":[0,0],"10":[0,0],"11":[0,0],"12":[0,0],"13":[0,0],"14":[0,0],"15":[0,0],"16":[0,0],"17":[0,0],"18":[0,0],"19":[0,0],"20":[0,0],"21":[0,0],"22":[0,0],"23":[0,0]},"f":{"1":9,"2":0,"3":0,"4":0,"5":0,"6":0,"7":0,"8":0,"9":0,"10":0,"11":0,"12":0,"13":0,"14":0,"15":0,"16":0},"fnMap":{"1":{"name":"(anonymous_1)","line":19,"loc":{"start":{"line":19,"column":17},"end":{"line":19,"column":33}}},"2":{"name":"(anonymous_2)","line":34,"loc":{"start":{"line":34,"column":21},"end":{"line":34,"column":43}}},"3":{"name":"(anonymous_3)","line":45,"loc":{"start":{"line":45,"column":15},"end":{"line":45,"column":33}}},"4":{"name":"(anonymous_4)","line":50,"loc":{"start":{"line":50,"column":19},"end":{"line":50,"column":41}}},"5":{"name":"(anonymous_5)","line":53,"loc":{"start":{"line":53,"column":15},"end":{"line":53,"column":33}}},"6":{"name":"(anonymous_6)","line":66,"loc":{"start":{"line":66,"column":27},"end":{"line":66,"column":46}}},"7":{"name":"(anonymous_7)","line":81,"loc":{"start":{"line":81,"column":18},"end":{"line":81,"column":31}}},"8":{"name":"imageLoaded","line":96,"loc":{"start":{"line":96,"column":4},"end":{"line":96,"column":31}}},"9":{"name":"(anonymous_9)","line":118,"loc":{"start":{"line":118,"column":23},"end":{"line":118,"column":38}}},"10":{"name":"(anonymous_10)","line":122,"loc":{"start":{"line":122,"column":19},"end":{"line":122,"column":32}}},"11":{"name":"(anonymous_11)","line":155,"loc":{"start":{"line":155,"column":20},"end":{"line":155,"column":33}}},"12":{"name":"(anonymous_12)","line":164,"loc":{"start":{"line":164,"column":20},"end":{"line":164,"column":33}}},"13":{"name":"(anonymous_13)","line":175,"loc":{"start":{"line":175,"column":36},"end":{"line":175,"column":52}}},"14":{"name":"(anonymous_14)","line":217,"loc":{"start":{"line":217,"column":29},"end":{"line":217,"column":49}}},"15":{"name":"(anonymous_15)","line":235,"loc":{"start":{"line":235,"column":21},"end":{"line":235,"column":31}}},"16":{"name":"(anonymous_16)","line":247,"loc":{"start":{"line":247,"column":19},"end":{"line":247,"column":44}}}},"statementMap":{"1":{"start":{"line":17,"column":0},"end":{"line":17,"column":18}},"2":{"start":{"line":19,"column":0},"end":{"line":254,"column":1}},"3":{"start":{"line":21,"column":2},"end":{"line":21,"column":27}},"4":{"start":{"line":21,"column":13},"end":{"line":21,"column":27}},"5":{"start":{"line":23,"column":2},"end":{"line":23,"column":14}},"6":{"start":{"line":24,"column":2},"end":{"line":24,"column":57}},"7":{"start":{"line":26,"column":2},"end":{"line":59,"column":3}},"8":{"start":{"line":29,"column":4},"end":{"line":29,"column":49}},"9":{"start":{"line":30,"column":4},"end":{"line":30,"column":31}},"10":{"start":{"line":33,"column":4},"end":{"line":41,"column":24}},"11":{"start":{"line":34,"column":6},"end":{"line":39,"column":7}},"12":{"start":{"line":35,"column":8},"end":{"line":35,"column":54}},"13":{"start":{"line":36,"column":8},"end":{"line":36,"column":44}},"14":{"start":{"line":37,"column":8},"end":{"line":37,"column":46}},"15":{"start":{"line":38,"column":8},"end":{"line":38,"column":22}},"16":{"start":{"line":40,"column":10},"end":{"line":41,"column":24}},"17":{"start":{"line":42,"column":4},"end":{"line":42,"column":25}},"18":{"start":{"line":43,"column":4},"end":{"line":44,"column":24}},"19":{"start":{"line":43,"column":15},"end":{"line":44,"column":24}},"20":{"start":{"line":45,"column":4},"end":{"line":47,"column":5}},"21":{"start":{"line":46,"column":6},"end":{"line":46,"column":51}},"22":{"start":{"line":50,"column":4},"end":{"line":52,"column":5}},"23":{"start":{"line":51,"column":6},"end":{"line":51,"column":38}},"24":{"start":{"line":53,"column":4},"end":{"line":55,"column":5}},"25":{"start":{"line":54,"column":6},"end":{"line":54,"column":40}},"26":{"start":{"line":56,"column":4},"end":{"line":56,"column":20}},"27":{"start":{"line":57,"column":4},"end":{"line":57,"column":37}},"28":{"start":{"line":57,"column":16},"end":{"line":57,"column":37}},"29":{"start":{"line":58,"column":4},"end":{"line":58,"column":25}},"30":{"start":{"line":61,"column":2},"end":{"line":61,"column":37}},"31":{"start":{"line":62,"column":2},"end":{"line":62,"column":31}},"32":{"start":{"line":63,"column":2},"end":{"line":63,"column":39}},"33":{"start":{"line":66,"column":2},"end":{"line":70,"column":4}},"34":{"start":{"line":67,"column":4},"end":{"line":67,"column":59}},"35":{"start":{"line":68,"column":4},"end":{"line":68,"column":55}},"36":{"start":{"line":69,"column":4},"end":{"line":69,"column":39}},"37":{"start":{"line":73,"column":2},"end":{"line":73,"column":26}},"38":{"start":{"line":74,"column":2},"end":{"line":74,"column":19}},"39":{"start":{"line":75,"column":2},"end":{"line":75,"column":20}},"40":{"start":{"line":76,"column":2},"end":{"line":76,"column":29}},"41":{"start":{"line":77,"column":2},"end":{"line":77,"column":23}},"42":{"start":{"line":79,"column":2},"end":{"line":79,"column":96}},"43":{"start":{"line":81,"column":2},"end":{"line":116,"column":3}},"44":{"start":{"line":82,"column":4},"end":{"line":83,"column":25}},"45":{"start":{"line":84,"column":4},"end":{"line":95,"column":5}},"46":{"start":{"line":85,"column":6},"end":{"line":85,"column":22}},"47":{"start":{"line":86,"column":6},"end":{"line":86,"column":43}},"48":{"start":{"line":87,"column":6},"end":{"line":87,"column":37}},"49":{"start":{"line":88,"column":6},"end":{"line":88,"column":39}},"50":{"start":{"line":89,"column":6},"end":{"line":89,"column":81}},"51":{"start":{"line":90,"column":6},"end":{"line":90,"column":37}},"52":{"start":{"line":91,"column":10},"end":{"line":95,"column":5}},"53":{"start":{"line":92,"column":6},"end":{"line":92,"column":30}},"54":{"start":{"line":94,"column":6},"end":{"line":94,"column":76}},"55":{"start":{"line":96,"column":4},"end":{"line":115,"column":5}},"56":{"start":{"line":97,"column":6},"end":{"line":97,"column":58}},"57":{"start":{"line":98,"column":6},"end":{"line":98,"column":43}},"58":{"start":{"line":99,"column":6},"end":{"line":99,"column":63}},"59":{"start":{"line":100,"column":6},"end":{"line":104,"column":7}},"60":{"start":{"line":101,"column":8},"end":{"line":101,"column":49}},"61":{"start":{"line":102,"column":8},"end":{"line":102,"column":41}},"62":{"start":{"line":103,"column":8},"end":{"line":103,"column":48}},"63":{"start":{"line":105,"column":6},"end":{"line":105,"column":37}},"64":{"start":{"line":106,"column":6},"end":{"line":106,"column":39}},"65":{"start":{"line":107,"column":6},"end":{"line":107,"column":70}},"66":{"start":{"line":108,"column":6},"end":{"line":113,"column":7}},"67":{"start":{"line":109,"column":8},"end":{"line":109,"column":89}},"68":{"start":{"line":111,"column":8},"end":{"line":112,"column":78}},"69":{"start":{"line":114,"column":6},"end":{"line":114,"column":37}},"70":{"start":{"line":118,"column":2},"end":{"line":120,"column":3}},"71":{"start":{"line":119,"column":4},"end":{"line":119,"column":45}},"72":{"start":{"line":122,"column":2},"end":{"line":153,"column":3}},"73":{"start":{"line":123,"column":4},"end":{"line":123,"column":37}},"74":{"start":{"line":124,"column":4},"end":{"line":124,"column":61}},"75":{"start":{"line":126,"column":4},"end":{"line":136,"column":5}},"76":{"start":{"line":127,"column":6},"end":{"line":134,"column":7}},"77":{"start":{"line":128,"column":8},"end":{"line":133,"column":9}},"78":{"start":{"line":129,"column":10},"end":{"line":129,"column":55}},"79":{"start":{"line":130,"column":10},"end":{"line":130,"column":69}},"80":{"start":{"line":131,"column":10},"end":{"line":131,"column":71}},"81":{"start":{"line":132,"column":10},"end":{"line":132,"column":73}},"82":{"start":{"line":135,"column":6},"end":{"line":135,"column":47}},"83":{"start":{"line":137,"column":4},"end":{"line":137,"column":39}},"84":{"start":{"line":138,"column":4},"end":{"line":138,"column":41}},"85":{"start":{"line":139,"column":4},"end":{"line":139,"column":62}},"86":{"start":{"line":139,"column":21},"end":{"line":139,"column":62}},"87":{"start":{"line":140,"column":4},"end":{"line":140,"column":51}},"88":{"start":{"line":141,"column":4},"end":{"line":141,"column":31}},"89":{"start":{"line":142,"column":4},"end":{"line":142,"column":15}},"90":{"start":{"line":143,"column":4},"end":{"line":147,"column":5}},"91":{"start":{"line":144,"column":6},"end":{"line":146,"column":7}},"92":{"start":{"line":145,"column":8},"end":{"line":145,"column":45}},"93":{"start":{"line":148,"column":4},"end":{"line":148,"column":35}},"94":{"start":{"line":149,"column":4},"end":{"line":149,"column":27}},"95":{"start":{"line":151,"column":4},"end":{"line":151,"column":35}},"96":{"start":{"line":155,"column":2},"end":{"line":162,"column":3}},"97":{"start":{"line":156,"column":4},"end":{"line":156,"column":46}},"98":{"start":{"line":156,"column":26},"end":{"line":156,"column":46}},"99":{"start":{"line":157,"column":4},"end":{"line":157,"column":47}},"100":{"start":{"line":157,"column":27},"end":{"line":157,"column":47}},"101":{"start":{"line":159,"column":4},"end":{"line":159,"column":45}},"102":{"start":{"line":160,"column":4},"end":{"line":160,"column":122}},"103":{"start":{"line":161,"column":4},"end":{"line":161,"column":13}},"104":{"start":{"line":164,"column":2},"end":{"line":173,"column":3}},"105":{"start":{"line":165,"column":4},"end":{"line":165,"column":52}},"106":{"start":{"line":166,"column":4},"end":{"line":171,"column":5}},"107":{"start":{"line":167,"column":6},"end":{"line":170,"column":7}},"108":{"start":{"line":168,"column":8},"end":{"line":168,"column":41}},"109":{"start":{"line":169,"column":8},"end":{"line":169,"column":56}},"110":{"start":{"line":172,"column":4},"end":{"line":172,"column":15}},"111":{"start":{"line":175,"column":2},"end":{"line":215,"column":3}},"112":{"start":{"line":176,"column":4},"end":{"line":176,"column":24}},"113":{"start":{"line":178,"column":4},"end":{"line":178,"column":59}},"114":{"start":{"line":179,"column":4},"end":{"line":179,"column":61}},"115":{"start":{"line":180,"column":4},"end":{"line":180,"column":40}},"116":{"start":{"line":181,"column":4},"end":{"line":186,"column":5}},"117":{"start":{"line":182,"column":6},"end":{"line":182,"column":41}},"118":{"start":{"line":183,"column":6},"end":{"line":185,"column":7}},"119":{"start":{"line":184,"column":8},"end":{"line":184,"column":39}},"120":{"start":{"line":187,"column":4},"end":{"line":201,"column":5}},"121":{"start":{"line":188,"column":6},"end":{"line":200,"column":7}},"122":{"start":{"line":189,"column":8},"end":{"line":189,"column":33}},"123":{"start":{"line":190,"column":8},"end":{"line":198,"column":9}},"124":{"start":{"line":191,"column":10},"end":{"line":197,"column":11}},"125":{"start":{"line":192,"column":12},"end":{"line":192,"column":92}},"126":{"start":{"line":193,"column":12},"end":{"line":194,"column":41}},"127":{"start":{"line":194,"column":14},"end":{"line":194,"column":41}},"128":{"start":{"line":195,"column":12},"end":{"line":196,"column":41}},"129":{"start":{"line":196,"column":14},"end":{"line":196,"column":41}},"130":{"start":{"line":202,"column":4},"end":{"line":202,"column":40}},"131":{"start":{"line":203,"column":4},"end":{"line":205,"column":5}},"132":{"start":{"line":204,"column":6},"end":{"line":204,"column":42}},"133":{"start":{"line":206,"column":4},"end":{"line":212,"column":5}},"134":{"start":{"line":207,"column":6},"end":{"line":210,"column":7}},"135":{"start":{"line":208,"column":8},"end":{"line":208,"column":81}},"136":{"start":{"line":214,"column":4},"end":{"line":214,"column":18}},"137":{"start":{"line":217,"column":2},"end":{"line":233,"column":3}},"138":{"start":{"line":218,"column":4},"end":{"line":218,"column":62}},"139":{"start":{"line":219,"column":4},"end":{"line":219,"column":36}},"140":{"start":{"line":220,"column":4},"end":{"line":220,"column":59}},"141":{"start":{"line":221,"column":4},"end":{"line":221,"column":61}},"142":{"start":{"line":222,"column":4},"end":{"line":222,"column":55}},"143":{"start":{"line":223,"column":4},"end":{"line":231,"column":5}},"144":{"start":{"line":224,"column":6},"end":{"line":230,"column":7}},"145":{"start":{"line":225,"column":8},"end":{"line":229,"column":9}},"146":{"start":{"line":226,"column":10},"end":{"line":228,"column":11}},"147":{"start":{"line":227,"column":12},"end":{"line":227,"column":177}},"148":{"start":{"line":232,"column":4},"end":{"line":232,"column":18}},"149":{"start":{"line":235,"column":2},"end":{"line":244,"column":3}},"150":{"start":{"line":236,"column":4},"end":{"line":236,"column":52}},"151":{"start":{"line":237,"column":4},"end":{"line":242,"column":5}},"152":{"start":{"line":238,"column":6},"end":{"line":241,"column":7}},"153":{"start":{"line":239,"column":8},"end":{"line":239,"column":41}},"154":{"start":{"line":240,"column":8},"end":{"line":240,"column":37}},"155":{"start":{"line":243,"column":4},"end":{"line":243,"column":15}},"156":{"start":{"line":247,"column":2},"end":{"line":252,"column":3}},"157":{"start":{"line":248,"column":4},"end":{"line":251,"column":45}},"158":{"start":{"line":249,"column":6},"end":{"line":249,"column":28}},"159":{"start":{"line":251,"column":6},"end":{"line":251,"column":45}},"160":{"start":{"line":253,"column":2},"end":{"line":253,"column":16}}},"branchMap":{"1":{"line":21,"type":"if","locations":[{"start":{"line":21,"column":2},"end":{"line":21,"column":2}},{"start":{"line":21,"column":2},"end":{"line":21,"column":2}}]},"2":{"line":26,"type":"if","locations":[{"start":{"line":26,"column":2},"end":{"line":26,"column":2}},{"start":{"line":26,"column":2},"end":{"line":26,"column":2}}]},"3":{"line":33,"type":"if","locations":[{"start":{"line":33,"column":4},"end":{"line":33,"column":4}},{"start":{"line":33,"column":4},"end":{"line":33,"column":4}}]},"4":{"line":43,"type":"if","locations":[{"start":{"line":43,"column":4},"end":{"line":43,"column":4}},{"start":{"line":43,"column":4},"end":{"line":43,"column":4}}]},"5":{"line":57,"type":"if","locations":[{"start":{"line":57,"column":4},"end":{"line":57,"column":4}},{"start":{"line":57,"column":4},"end":{"line":57,"column":4}}]},"6":{"line":67,"type":"binary-expr","locations":[{"start":{"line":67,"column":26},"end":{"line":67,"column":42}},{"start":{"line":67,"column":46},"end":{"line":67,"column":57}}]},"7":{"line":67,"type":"binary-expr","locations":[{"start":{"line":67,"column":27},"end":{"line":67,"column":29}},{"start":{"line":67,"column":33},"end":{"line":67,"column":37}}]},"8":{"line":68,"type":"cond-expr","locations":[{"start":{"line":68,"column":29},"end":{"line":68,"column":47}},{"start":{"line":68,"column":50},"end":{"line":68,"column":54}}]},"9":{"line":84,"type":"if","locations":[{"start":{"line":84,"column":4},"end":{"line":84,"column":4}},{"start":{"line":84,"column":4},"end":{"line":84,"column":4}}]},"10":{"line":91,"type":"if","locations":[{"start":{"line":91,"column":10},"end":{"line":91,"column":10}},{"start":{"line":91,"column":10},"end":{"line":91,"column":10}}]},"11":{"line":100,"type":"if","locations":[{"start":{"line":100,"column":6},"end":{"line":100,"column":6}},{"start":{"line":100,"column":6},"end":{"line":100,"column":6}}]},"12":{"line":126,"type":"if","locations":[{"start":{"line":126,"column":4},"end":{"line":126,"column":4}},{"start":{"line":126,"column":4},"end":{"line":126,"column":4}}]},"13":{"line":130,"type":"cond-expr","locations":[{"start":{"line":130,"column":65},"end":{"line":130,"column":66}},{"start":{"line":130,"column":67},"end":{"line":130,"column":68}}]},"14":{"line":131,"type":"cond-expr","locations":[{"start":{"line":131,"column":67},"end":{"line":131,"column":68}},{"start":{"line":131,"column":69},"end":{"line":131,"column":70}}]},"15":{"line":132,"type":"cond-expr","locations":[{"start":{"line":132,"column":67},"end":{"line":132,"column":70}},{"start":{"line":132,"column":71},"end":{"line":132,"column":72}}]},"16":{"line":139,"type":"if","locations":[{"start":{"line":139,"column":4},"end":{"line":139,"column":4}},{"start":{"line":139,"column":4},"end":{"line":139,"column":4}}]},"17":{"line":156,"type":"if","locations":[{"start":{"line":156,"column":4},"end":{"line":156,"column":4}},{"start":{"line":156,"column":4},"end":{"line":156,"column":4}}]},"18":{"line":157,"type":"if","locations":[{"start":{"line":157,"column":4},"end":{"line":157,"column":4}},{"start":{"line":157,"column":4},"end":{"line":157,"column":4}}]},"19":{"line":169,"type":"cond-expr","locations":[{"start":{"line":169,"column":43},"end":{"line":169,"column":47}},{"start":{"line":169,"column":50},"end":{"line":169,"column":55}}]},"20":{"line":193,"type":"if","locations":[{"start":{"line":193,"column":12},"end":{"line":193,"column":12}},{"start":{"line":193,"column":12},"end":{"line":193,"column":12}}]},"21":{"line":195,"type":"if","locations":[{"start":{"line":195,"column":12},"end":{"line":195,"column":12}},{"start":{"line":195,"column":12},"end":{"line":195,"column":12}}]},"22":{"line":227,"type":"cond-expr","locations":[{"start":{"line":227,"column":166},"end":{"line":227,"column":170}},{"start":{"line":227,"column":171},"end":{"line":227,"column":176}}]},"23":{"line":248,"type":"if","locations":[{"start":{"line":248,"column":4},"end":{"line":248,"column":4}},{"start":{"line":248,"column":4},"end":{"line":248,"column":4}}]}},"code":["/*","   Copyright 2011 Lazar Laszlo (lazarsoft@gmail.com, www.lazarsoft.info)","   ","   Licensed under the Apache License, Version 2.0 (the \"License\");","   you may not use this file except in compliance with the License.","   You may obtain a copy of the License at","","       http://www.apache.org/licenses/LICENSE-2.0","","   Unless required by applicable law or agreed to in writing, software","   distributed under the License is distributed on an \"AS IS\" BASIS,","   WITHOUT WARRANTIES OR CONDITIONS OF ANY KIND, either express or implied.","   See the License for the specific language governing permissions and","   limitations under the License.","*/","","var qrcode = null;","","module.exports = function(Canvas){","  // if the qrcode instance exists, return it","  if(qrcode) return qrcode;","  // if not, create it, then return it","  qrcode = {};","  var Image = null, isCanvas = null, createCanvas = null;","  ","  if(typeof window!='undefined') {","    // XXX Fix for node-webkit not finding HTMLCanvasElement and document","    // outside window.","    HTMLCanvasElement = window.HTMLCanvasElement;","    document = window.document;","","    // we're in the browser","    if(typeof HTMLCanvasElement !== 'undefined' ){","      createCanvas = function(width,height){","        var canvas = document.createElement(\"canvas\");","        canvas.setAttribute('width', width);","        canvas.setAttribute('height', height);","        return canvas;","      }","    }else throw new Error(\"the HTML5 Canvas element is not supported in \"","      + \"this browser\");","    Image = window.Image;","    if(!Image) throw new Error(\"the Image element is not supported in \"","      + \"this browser\");","    isCanvas = function(instance){","      return instance instanceof HTMLCanvasElement;","    }","  }else{","    // // on the server!","    createCanvas = function(width,height){","      return new Canvas(width,height);","    }","    isCanvas = function(instance){","      return instance instanceof Canvas;","    }","    var s = require; //trick browserify into not including canvas","    if(!Canvas) Canvas = s('canvas');","    Image = Canvas.Image;","  }","  ","  var Decoder = require('./decoder');","  var grid = require('./grid');","  var Detector = require('./detector');","","  // TODO: remove this. should avoid extending built in types","  Array.prototype.remove = function(from, to) {","    var rest = this.slice((to || from) + 1 || this.length);","    this.length = from < 0 ? this.length + from : from;","    return this.push.apply(this, rest);","  };","","","  qrcode.imagedata = null;","  qrcode.width = 0;","  qrcode.height = 0;","  qrcode.qrCodeSymbol = null;","  qrcode.debug = false;","","  qrcode.sizeOfDataLengthInfo =  [  [ 10, 9, 8, 8 ],  [ 12, 11, 16, 10 ],  [ 14, 13, 16, 12 ] ];","","  qrcode.decode = function(src){","    var canvas_qr = null","        , context = null;","    if( isCanvas(src) ){","      canvas_qr = src;","      context = canvas_qr.getContext('2d');","      qrcode.width = canvas_qr.width;","      qrcode.height = canvas_qr.height;","      qrcode.imagedata = context.getImageData(0, 0, qrcode.width, qrcode.height);","      return qrcode.process(context);","    }else if( src instanceof Image){","      return imageLoaded(src);","    }else{","      throw new Error('jsqrcode can only decode a canvas or image element');","    }","    function imageLoaded(image){","      canvas_qr = createCanvas(image.width, image.height);","      context = canvas_qr.getContext('2d');","      var canvas_out = createCanvas(image.width, image.height);","      if(canvas_out!==null){","        var outctx = canvas_out.getContext('2d');","        outctx.clearRect(0, 0, 320, 240);","        outctx.drawImage(image, 0, 0, 320, 240);","      }","      qrcode.width = canvas_qr.width;","      qrcode.height = canvas_qr.height;","      context.drawImage(image, 0, 0,canvas_qr.width,canvas_qr.height);","      try{","        qrcode.imagedata = context.getImageData(0, 0, canvas_qr.width, canvas_qr.height);","      }catch(e){","        throw new Error(\"Cross domain image reading not supported in your \"","          + \"browser! Save it to your computer then drag and drop the file!\");","      }","      return qrcode.process(context);","    }","  }","","  qrcode.decode_utf8 = function ( s ) {","    return decodeURIComponent( escape( s ) );","  }","","  qrcode.process = function(ctx){","    var start = new Date().getTime();","    var image = qrcode.grayScaleToBitmap(qrcode.grayscale());","    //var image = qrcode.binarize(128);","    if(qrcode.debug){","      for (var y = 0; y < qrcode.height; y++) {","        for (var x = 0; x < qrcode.width; x++) {","          var point = (x * 4) + (y * qrcode.width * 4);","          qrcode.imagedata.data[point] = image[x+y*qrcode.width]?0:0;","          qrcode.imagedata.data[point+1] = image[x+y*qrcode.width]?0:0;","          qrcode.imagedata.data[point+2] = image[x+y*qrcode.width]?255:0;","        }","      }","      ctx.putImageData(qrcode.imagedata, 0, 0);","    }","    var detector = new Detector(image);","    var qRCodeMatrix = detector.detect();","    if(qrcode.debug) ctx.putImageData(qrcode.imagedata, 0, 0);","    var reader = Decoder.decode(qRCodeMatrix.bits);","    var data = reader.DataByte;","    var str=\"\";","    for(var i=0;i<data.length;i++) {","      for(var j=0;j<data[i].length;j++){","        str+=String.fromCharCode(data[i][j]);","      }","    }","    var end = new Date().getTime();","    var time = end - start;","","    return qrcode.decode_utf8(str);","    // console.log(\"Time:\" + time + \" Code: \"+str);","  }","","  qrcode.getPixel = function(x,y){","    if (qrcode.width < x) throw \"point error\";","    if (qrcode.height < y) throw \"point error\";","","    point = (x * 4) + (y * qrcode.width * 4);","    p = (qrcode.imagedata.data[point]*33 + qrcode.imagedata.data[point + 1]*34 + qrcode.imagedata.data[point + 2]*33)/100;","    return p;","  }","","  qrcode.binarize = function(th) {","    var ret = new Array(qrcode.width*qrcode.height);","    for (var y = 0; y < qrcode.height; y++) {","      for (var x = 0; x < qrcode.width; x++) {","        var gray = qrcode.getPixel(x, y);","        ret[x+y*qrcode.width] = gray<=th ? true : false;","      }","    }","    return ret;","  }","","  qrcode.getMiddleBrightnessPerArea=function(image) {","    var numSqrtArea = 4;","    // obtain middle brightness((min + max) / 2) per area","    var areaWidth = Math.floor(qrcode.width / numSqrtArea);","    var areaHeight = Math.floor(qrcode.height / numSqrtArea);","    var minmax = new Array(numSqrtArea);","    for (var i = 0; i < numSqrtArea; i++) {","      minmax[i] = new Array(numSqrtArea);","      for (var i2 = 0; i2 < numSqrtArea; i2++) {","        minmax[i][i2] = new Array(0,0);","      }","    }","    for (var ay = 0; ay < numSqrtArea; ay++) {","      for (var ax = 0; ax < numSqrtArea; ax++) {","        minmax[ax][ay][0] = 0xFF;","        for (var dy = 0; dy < areaHeight; dy++) {","          for (var dx = 0; dx < areaWidth; dx++) {","            var target = image[areaWidth * ax + dx + (areaHeight * ay + dy) * qrcode.width];","            if (target < minmax[ax][ay][0])","              minmax[ax][ay][0] = target;","            if (target > minmax[ax][ay][1])","              minmax[ax][ay][1] = target;","          }","        }","        // minmax[ax][ay][0] = (minmax[ax][ay][0] + minmax[ax][ay][1]) / 2;","      }","    }","    var middle = new Array(numSqrtArea);","    for (var i3 = 0; i3 < numSqrtArea; i3++) {","      middle[i3] = new Array(numSqrtArea);","    }","    for (var ay = 0; ay < numSqrtArea; ay++) {","      for (var ax = 0; ax < numSqrtArea; ax++) {","        middle[ax][ay] = Math.floor((minmax[ax][ay][0] + minmax[ax][ay][1]) / 2);","        // console.log(middle[ax][ay] + \",\");","      }","      // console.log(\"\");","    }","    // console.log(\"\")","    return middle;","  }","","  qrcode.grayScaleToBitmap = function(grayScale) {","    var middle = qrcode.getMiddleBrightnessPerArea(grayScale);","    var sqrtNumArea = middle.length;","    var areaWidth = Math.floor(qrcode.width / sqrtNumArea);","    var areaHeight = Math.floor(qrcode.height / sqrtNumArea);","    var bitmap = new Array(qrcode.height*qrcode.width);","    for (var ay = 0; ay < sqrtNumArea; ay++) {","      for (var ax = 0; ax < sqrtNumArea; ax++) {","        for (var dy = 0; dy < areaHeight; dy++) {","          for (var dx = 0; dx < areaWidth; dx++) {","            bitmap[areaWidth * ax + dx+ (areaHeight * ay + dy)*qrcode.width] = (grayScale[areaWidth * ax + dx+ (areaHeight * ay + dy)*qrcode.width] < middle[ax][ay])?true:false;","          }","        }","      }","    }","    return bitmap;","  }","","  qrcode.grayscale = function(){","    var ret = new Array(qrcode.width*qrcode.height);","    for (var y = 0; y < qrcode.height; y++) {","      for (var x = 0; x < qrcode.width; x++) {","        var gray = qrcode.getPixel(x, y);","        ret[x+y*qrcode.width] = gray;","      }","    }","    return ret;","  }","","","  qrcode.URShift = function( number,  bits) {","    if (number >= 0)","      return number >> bits;","    else","      return (number >> bits) + (2 << ~bits);","  }","  return qrcode;","}",""],"l":{"17":1,"19":1,"21":9,"23":1,"24":1,"26":1,"29":0,"30":0,"33":0,"34":0,"35":0,"36":0,"37":0,"38":0,"40":0,"42":0,"43":0,"45":0,"46":0,"50":1,"51":0,"53":1,"54":0,"56":1,"57":1,"58":0,"61":0,"62":0,"63":0,"66":0,"67":0,"68":0,"69":0,"73":0,"74":0,"75":0,"76":0,"77":0,"79":0,"81":0,"82":0,"84":0,"85":0,"86":0,"87":0,"88":0,"89":0,"90":0,"91":0,"92":0,"94":0,"96":1,"97":0,"98":0,"99":0,"100":0,"101":0,"102":0,"103":0,"105":0,"106":0,"107":0,"108":0,"109":0,"111":0,"114":0,"118":0,"119":0,"122":0,"123":0,"124":0,"126":0,"127":0,"128":0,"129":0,"130":0,"131":0,"132":0,"135":0,"137":0,"138":0,"139":0,"140":0,"141":0,"142":0,"143":0,"144":0,"145":0,"148":0,"149":0,"151":0,"155":0,"156":0,"157":0,"159":0,"160":0,"161":0,"164":0,"165":0,"166":0,"167":0,"168":0,"169":0,"172":0,"175":0,"176":0,"178":0,"179":0,"180":0,"181":0,"182":0,"183":0,"184":0,"187":0,"188":0,"189":0,"190":0,"191":0,"192":0,"193":0,"194":0,"195":0,"196":0,"202":0,"203":0,"204":0,"206":0,"207":0,"208":0,"214":0,"217":0,"218":0,"219":0,"220":0,"221":0,"222":0,"223":0,"224":0,"225":0,"226":0,"227":0,"232":0,"235":0,"236":0,"237":0,"238":0,"239":0,"240":0,"243":0,"247":0,"248":0,"249":0,"251":0,"253":0}},"/home/travis/build/npmtest/node-npmtest-jsqrcode/node_modules/jsqrcode/src/alignpat.js":{"path":"/home/travis/build/npmtest/node-npmtest-jsqrcode/node_modules/jsqrcode/src/alignpat.js","s":{"1":2,"2":1,"3":0,"4":0,"5":0,"6":0,"7":0,"8":0,"9":0,"10":0,"11":0,"12":0,"13":0,"14":0,"15":0,"16":0,"17":0,"18":0,"19":0,"20":0,"21":0,"22":1,"23":0,"24":0,"25":0,"26":0,"27":0,"28":0,"29":0,"30":0,"31":0,"32":0,"33":0,"34":0,"35":0,"36":0,"37":0,"38":0,"39":0,"40":0,"41":0,"42":0,"43":0,"44":0,"45":0,"46":0,"47":0,"48":0,"49":0,"50":0,"51":0,"52":0,"53":0,"54":0,"55":0,"56":0,"57":0,"58":0,"59":0,"60":0,"61":0,"62":0,"63":0,"64":0,"65":0,"66":0,"67":0,"68":0,"69":0,"70":0,"71":0,"72":0,"73":0,"74":0,"75":0,"76":0,"77":0,"78":0,"79":0,"80":0,"81":0,"82":0,"83":0,"84":0,"85":0,"86":0,"87":0,"88":0,"89":0,"90":0,"91":0,"92":0,"93":0,"94":0,"95":0,"96":0,"97":0,"98":0,"99":0,"100":0,"101":0,"102":0,"103":0,"10
[...]
ntA = pointC;","        pointC = temp;","      }","      ","      patterns[0] = pointA;","      patterns[1] = pointB;","      patterns[2] = pointC;","    }","","","function FinderPattern(posX, posY,  estimatedModuleSize)","{","  this.x=posX;","  this.y=posY;","  this.count = 1;","  this.estimatedModuleSize = estimatedModuleSize;","  ","  this.__defineGetter__(\"EstimatedModuleSize\", function()","  {","    return this.estimatedModuleSize;","  }); ","  this.__defineGetter__(\"Count\", function()","  {","    return this.count;","  });","  this.__defineGetter__(\"X\", function()","  {","    return this.x;","  });","  this.__defineGetter__(\"Y\", function()","  {","    return this.y;","  });","  this.incrementCount = function()","  {","    this.count++;","  }","  this.aboutEquals=function( moduleSize,  i,  j)","    {","      if (Math.abs(i - this.y) <= moduleSize && Math.abs(j - this.x) <= moduleSize)","      {","        var moduleSizeDiff = Math.abs(moduleSize - this.estimatedModuleSize);","        return moduleSizeDiff <= 1.0 || moduleSizeDiff / this.estimatedModuleSize <= 1.0;","      }","      return false;","    }","  ","}","","function FinderPatternInfo(patternCenters)","{","  this.bottomLeft = patternCenters[0];","  this.topLeft = patternCenters[1];","  this.topRight = patternCenters[2];","  this.__defineGetter__(\"BottomLeft\", function()","  {","    return this.bottomLeft;","  }); ","  this.__defineGetter__(\"TopLeft\", function()","  {","    return this.topLeft;","  }); ","  this.__defineGetter__(\"TopRight\", function()","  {","    return this.topRight;","  }); ","}","","function FinderPatternFinder()","{","  this.image=null;","  this.possibleCenters = [];","  this.hasSkipped = false;","  this.crossCheckStateCount = new Array(0,0,0,0,0);","  this.resultPointCallback = null;","  ","  this.__defineGetter__(\"CrossCheckStateCount\", function()","  {","    this.crossCheckStateCount[0] = 0;","    this.crossCheckStateCount[1] = 0;","    this.crossCheckStateCount[2] = 0;","    this.crossCheckStateCount[3] = 0;","    this.crossCheckStateCount[4] = 0;","    return this.crossCheckStateCount;","  }); ","  ","  this.foundPatternCross=function( stateCount)","    {","      var totalModuleSize = 0;","      for (var i = 0; i < 5; i++)","      {","        var count = stateCount[i];","        if (count == 0)","        {","          return false;","        }","        totalModuleSize += count;","      }","      if (totalModuleSize < 7)","      {","        return false;","      }","      var moduleSize = Math.floor((totalModuleSize << INTEGER_MATH_SHIFT) / 7);","      var maxVariance = Math.floor(moduleSize / 2);","      // Allow less than 50% variance from 1-1-3-1-1 proportions","      return Math.abs(moduleSize - (stateCount[0] << INTEGER_MATH_SHIFT)) < maxVariance && Math.abs(moduleSize - (stateCount[1] << INTEGER_MATH_SHIFT)) < maxVariance && Math.abs(3 * moduleSize - (stateCount[2] << INTEGER_MATH_SHIFT)) < 3 * maxVariance && Math.abs(moduleSize - (stateCount[3] << INTEGER_MATH_SHIFT)) < maxVariance && Math.abs(moduleSize - (stateCount[4] << INTEGER_MATH_SHIFT)) < maxVariance;","    }","  this.centerFromEnd=function( stateCount,  end)","    {","      return  (end - stateCount[4] - stateCount[3]) - stateCount[2] / 2.0;","    }","  this.crossCheckVertical=function( startI,  centerJ,  maxCount,  originalStateCountTotal)","    {","      var image = this.image;","      ","      var maxI = qrcode.height;","      var stateCount = this.CrossCheckStateCount;","      ","      // Start counting up from center","      var i = startI;","      while (i >= 0 && image[centerJ + i*qrcode.width])","      {","        stateCount[2]++;","        i--;","      }","      if (i < 0)","      {","        return NaN;","      }","      while (i >= 0 && !image[centerJ +i*qrcode.width] && stateCount[1] <= maxCount)","      {","        stateCount[1]++;","        i--;","      }","      // If already too many modules in this state or ran off the edge:","      if (i < 0 || stateCount[1] > maxCount)","      {","        return NaN;","      }","      while (i >= 0 && image[centerJ + i*qrcode.width] && stateCount[0] <= maxCount)","      {","        stateCount[0]++;","        i--;","      }","      if (stateCount[0] > maxCount)","      {","        return NaN;","      }","      ","      // Now also count down from center","      i = startI + 1;","      while (i < maxI && image[centerJ +i*qrcode.width])","      {","        stateCount[2]++;","        i++;","      }","      if (i == maxI)","      {","        return NaN;","      }","      while (i < maxI && !image[centerJ + i*qrcode.width] && stateCount[3] < maxCount)","      {","        stateCount[3]++;","        i++;","      }","      if (i == maxI || stateCount[3] >= maxCount)","      {","        return NaN;","      }","      while (i < maxI && image[centerJ + i*qrcode.width] && stateCount[4] < maxCount)","      {","        stateCount[4]++;","        i++;","      }","      if (stateCount[4] >= maxCount)","      {","        return NaN;","      }","      ","      // If we found a finder-pattern-like section, but its size is more than 40% different than","      // the original, assume it's a false positive","      var stateCountTotal = stateCount[0] + stateCount[1] + stateCount[2] + stateCount[3] + stateCount[4];","      if (5 * Math.abs(stateCountTotal - originalStateCountTotal) >= 2 * originalStateCountTotal)","      {","        return NaN;","      }","      ","      return this.foundPatternCross(stateCount)?this.centerFromEnd(stateCount, i):NaN;","    }","  this.crossCheckHorizontal=function( startJ,  centerI,  maxCount, originalStateCountTotal)","    {","      var image = this.image;","      ","      var maxJ = qrcode.width;","      var stateCount = this.CrossCheckStateCount;","      ","      var j = startJ;","      while (j >= 0 && image[j+ centerI*qrcode.width])","      {","        stateCount[2]++;","        j--;","      }","      if (j < 0)","      {","        return NaN;","      }","      while (j >= 0 && !image[j+ centerI*qrcode.width] && stateCount[1] <= maxCount)","      {","        stateCount[1]++;","        j--;","      }","      if (j < 0 || stateCount[1] > maxCount)","      {","        return NaN;","      }","      while (j >= 0 && image[j+ centerI*qrcode.width] && stateCount[0] <= maxCount)","      {","        stateCount[0]++;","        j--;","      }","      if (stateCount[0] > maxCount)","      {","        return NaN;","      }","      ","      j = startJ + 1;","      while (j < maxJ && image[j+ centerI*qrcode.width])","      {","        stateCount[2]++;","        j++;","      }","      if (j == maxJ)","      {","        return NaN;","      }","      while (j < maxJ && !image[j+ centerI*qrcode.width] && stateCount[3] < maxCount)","      {","        stateCount[3]++;","        j++;","      }","      if (j == maxJ || stateCount[3] >= maxCount)","      {","        return NaN;","      }","      while (j < maxJ && image[j+ centerI*qrcode.width] && stateCount[4] < maxCount)","      {","        stateCount[4]++;","        j++;","      }","      if (stateCount[4] >= maxCount)","      {","        return NaN;","      }","      ","      // If we found a finder-pattern-like section, but its size is significantly different than","      // the original, assume it's a false positive","      var stateCountTotal = stateCount[0] + stateCount[1] + stateCount[2] + stateCount[3] + stateCount[4];","      if (5 * Math.abs(stateCountTotal - originalStateCountTotal) >= originalStateCountTotal)","      {","        return NaN;","      }","      ","      return this.foundPatternCross(stateCount)?this.centerFromEnd(stateCount, j):NaN;","    }","  this.handlePossibleCenter = function( stateCount,  i,  j)","    {","      var stateCountTotal = stateCount[0] + stateCount[1] + stateCount[2] + stateCount[3] + stateCount[4];","      var centerJ = this.centerFromEnd(stateCount, j); //float","      var centerI = this.crossCheckVertical(i, Math.floor( centerJ), stateCount[2], stateCountTotal); //float","      if (!isNaN(centerI))","      {","        // Re-cross check","        centerJ = this.crossCheckHorizontal(Math.floor( centerJ), Math.floor( centerI), stateCount[2], stateCountTotal);","        if (!isNaN(centerJ))","        {","          var estimatedModuleSize =   stateCountTotal / 7.0;","          var found = false;","          var max = this.possibleCenters.length;","          for (var index = 0; index < max; index++)","          {","            var center = this.possibleCenters[index];","            // Look for about the same center and module size:","            if (center.aboutEquals(estimatedModuleSize, centerI, centerJ))","            {","              center.incrementCount();","              found = true;","              break;","            }","          }","          if (!found)","          {","            var point = new FinderPattern(centerJ, centerI, estimatedModuleSize);","            this.possibleCenters.push(point);","            if (this.resultPointCallback != null)","            {","              this.resultPointCallback.foundPossibleResultPoint(point);","            }","          }","          return true;","        }","      }","      return false;","    }","    ","  this.selectBestPatterns = function()","    {","      ","      var startSize = this.possibleCenters.length;","      if (startSize < 3)","      {","        // Couldn't find enough finder patterns","        throw new Error(\"Couldn't find enough finder patterns\");","      }","      ","      // Filter outlier possibilities whose module size is too different","      if (startSize > 3)","      {","        // But we can only afford to do so if we have at least 4 possibilities to choose from","        var totalModuleSize = 0.0;","        for (var i = 0; i < startSize; i++)","        {","          totalModuleSize +=  this.possibleCenters[i].EstimatedModuleSize;","        }","        var average = totalModuleSize /  startSize;","        for (var i = 0; i < this.possibleCenters.length && this.possibleCenters.length > 3; i++)","        {","          var pattern =  this.possibleCenters[i];","          if (Math.abs(pattern.EstimatedModuleSize - average) > 0.2 * average)","          {","            this.possibleCenters.remove(i);","            i--;","          }","        }","      }","      ","      if (this.possibleCenters.Count > 3)","      {","        // Throw away all but those first size candidate points we found.","        //Collections.insertionSort(possibleCenters, new CenterComparator());","        //SupportClass.SetCapacity(possibleCenters, 3);","      }","      ","      return new Array( this.possibleCenters[0],  this.possibleCenters[1],  this.possibleCenters[2]);","    }","    ","  this.findRowSkip=function()","    {","      var max = this.possibleCenters.length;","      if (max <= 1)","      {","        return 0;","      }","      var firstConfirmedCenter = null;","      for (var i = 0; i < max; i++)","      {","        var center =  this.possibleCenters[i];","        if (center.Count >= CENTER_QUORUM)","        {","          if (firstConfirmedCenter == null)","          {","            firstConfirmedCenter = center;","          }","          else","          {","            // We have two confirmed centers","            // How far down can we skip before resuming looking for the next","            // pattern? In the worst case, only the difference between the","            // difference in the x / y coordinates of the two centers.","            // This is the case where you find top left last.","            this.hasSkipped = true;","            return Math.floor ((Math.abs(firstConfirmedCenter.X - center.X) - Math.abs(firstConfirmedCenter.Y - center.Y)) / 2);","          }","        }","      }","      return 0;","    }","  ","  this.haveMultiplyConfirmedCenters=function()","    {","      var confirmedCount = 0;","      var totalModuleSize = 0.0;","      var max = this.possibleCenters.length;","      for (var i = 0; i < max; i++)","      {","        var pattern =  this.possibleCenters[i];","        if (pattern.Count >= CENTER_QUORUM)","        {","          confirmedCount++;","          totalModuleSize += pattern.EstimatedModuleSize;","        }","      }","      if (confirmedCount < 3)","      {","        return false;","      }","      // OK, we have at least 3 confirmed centers, but, it's possible that one is a \"false positive\"","      // and that we need to keep looking. We detect this by asking if the estimated module sizes","      // vary too much. We arbitrarily say that when the total deviation from average exceeds","      // 5% of the total module size estimates, it's too much.","      var average = totalModuleSize / max;","      var totalDeviation = 0.0;","      for (var i = 0; i < max; i++)","      {","        pattern = this.possibleCenters[i];","        totalDeviation += Math.abs(pattern.EstimatedModuleSize - average);","      }","      return totalDeviation <= 0.05 * totalModuleSize;","    }","    ","  this.findFinderPattern = function(image){","    var tryHarder = false;","    this.image = image;","    var maxI = qrcode.height;","    var maxJ = qrcode.width;","    ","    var iSkip = Math.floor((3 * maxI) / (4 * MAX_MODULES));","    if (iSkip < MIN_SKIP || tryHarder)","    {","        iSkip = MIN_SKIP;","    }","    ","    var done = false;","    ","    var stateCount = new Array(5);","    ","    for (var i = iSkip - 1; i < maxI && !done; i += iSkip){","      // Get a row of black/white values","      stateCount[0] = 0;","      stateCount[1] = 0;","      stateCount[2] = 0;","      stateCount[3] = 0;","      stateCount[4] = 0;","      var currentState = 0;","      for (var j = 0; j < maxJ; j++)","      {","        if (image[j+i*qrcode.width] )","        {","          // Black pixel","          if ((currentState & 1) == 1)","          {","            // Counting white pixels","            currentState++;","          }","          stateCount[currentState]++;","        }","        else","        {","          // White pixel","          if ((currentState & 1) == 0)","          {","            // Counting black pixels","            if (currentState == 4)","            {","              // A winner?","              if (this.foundPatternCross(stateCount))","              {","                // Yes","                var confirmed = this.handlePossibleCenter(stateCount, i, j);","                if (confirmed)","                {","                  // Start examining every other line. Checking each line turned out to be too","                  // expensive and didn't improve performance.","                  iSkip = 2;","                  if (this.hasSkipped)","                  {","                    done = this.haveMultiplyConfirmedCenters();","                  }","                  else","                  {","                    var rowSkip = this.findRowSkip();","                    if (rowSkip > stateCount[2])","                    {","                      // Skip rows between row of lower confirmed center","                      // and top of presumed third confirmed center","                      // but back up a bit to get a full chance of detecting","                      // it, entire width of center of finder pattern","                      ","                      // Skip by rowSkip, but back off by stateCount[2] (size of last center","                      // of pattern we saw) to be conservative, and also back off by iSkip which","                      // is about to be re-added","                      i += rowSkip - stateCount[2] - iSkip;","                      j = maxJ - 1;","                    }","                  }","                }","                else","                {","                  // Advance to next black pixel","                  do ","                  {","                    j++;","                  }","                  while (j < maxJ && !image[j + i*qrcode.width]);","                  j--; // back up to that last white pixel","                }","                // Clear state to start looking again","                currentState = 0;","                stateCount[0] = 0;","                stateCount[1] = 0;","                stateCount[2] = 0;","                stateCount[3] = 0;","                stateCount[4] = 0;","              }","              else","              {","                // No, shift counts back by two","                stateCount[0] = stateCount[2];","                stateCount[1] = stateCount[3];","                stateCount[2] = stateCount[4];","                stateCount[3] = 1;","                stateCount[4] = 0;","                currentState = 3;","              }","            }","            else","            {","              stateCount[++currentState]++;","            }","          }","          else","          {","            // Counting white pixels","            stateCount[currentState]++;","          }","        }","      }","      if (this.foundPatternCross(stateCount))","      {","        var confirmed = this.handlePossibleCenter(stateCount, i, maxJ);","        if (confirmed)","        {","          iSkip = stateCount[0];","          if (this.hasSkipped)","          {","            // Found a third one","            done = haveMultiplyConfirmedCenters();","          }","        }","      }","    }","    ","    var patternInfo = this.selectBestPatterns();","    qrcode.orderBestPatterns(patternInfo);","    ","    return new FinderPatternInfo(patternInfo);","  };","}","","module.exports = FinderPatternFinder;"],"l":{"25":1,"26":1,"29":1,"30":1,"31":1,"32":1,"34":1,"37":1,"39":0,"40":0,"41":0,"45":1,"47":0,"48":0,"49":0,"54":0,"55":0,"56":0,"58":0,"60":0,"62":0,"63":0,"64":0,"66":0,"68":0,"69":0,"70":0,"74":0,"75":0,"76":0,"83":0,"85":0,"86":0,"87":0,"90":0,"91":0,"92":0,"96":1,"98":0,"99":0,"100":0,"101":0,"103":0,"105":0,"107":0,"109":0,"111":0,"113":0,"115":0,"117":0,"119":0,"121":0,"123":0,"125":0,"127":0,"128":0,"130":0,"135":1,"137":0,"138":0,"139":0,"140":0,"142":0,"144":0,"146":0,"148":0,"150":0,"154":1,"156":0,"157":0,"158":0,"159":0,"160":0,"162":0,"164":0,"165":0,"166":0,"167":0,"168":0,"169":0,"172":0,"174":0,"175":0,"177":0,"178":0,"180":0,"182":0,"184":0,"186":0,"188":0,"189":0,"191":0,"193":0,"195":0,"197":0,"199":0,"201":0,"202":0,"205":0,"206":0,"208":0,"209":0,"211":0,"213":0,"215":0,"217":0,"218":0,"221":0,"223":0,"225":0,"227":0,"228":0,"230":0,"232":0,"236":0,"237":0,"239":0,"240":0,"242":0,"244":0,"246":0,"248":0,"249":0,"251":0,"253":0,"255":0,"257":0,"258":0,"260":0,"262":0,"267":0,"268":0,"270":0,"273":0,"275":0,"277":0,"279":0,"280":0,"282":0,"283":0,"285":0,"286":0,"288":0,"290":0,"292":0,"294":0,"295":0,"297":0,"299":0,"301":0,"303":0,"304":0,"306":0,"308":0,"311":0,"312":0,"314":0,"315":0,"317":0,"319":0,"321":0,"323":0,"324":0,"326":0,"328":0,"330":0,"332":0,"333":0,"335":0,"337":0,"342":0,"343":0,"345":0,"348":0,"350":0,"352":0,"353":0,"354":0,"355":0,"358":0,"359":0,"361":0,"362":0,"363":0,"364":0,"366":0,"368":0,"370":0,"371":0,"372":0,"375":0,"377":0,"378":0,"379":0,"381":0,"384":0,"387":0,"390":0,"393":0,"394":0,"397":0,"401":0,"404":0,"405":0,"407":0,"409":0,"410":0,"412":0,"413":0,"415":0,"416":0,"421":0,"428":0,"431":0,"433":0,"434":0,"436":0,"438":0,"439":0,"441":0,"442":0,"444":0,"446":0,"455":0,"456":0,"460":0,"463":0,"465":0,"466":0,"467":0,"468":0,"470":0,"471":0,"473":0,"474":0,"477":0,"479":0,"485":0,"486":0,"487":0,"489":0,"490":0,"492":0,"495":0,"496":0,"497":0,"498":0,"499":0,"501":0,"502":0,"504":0,"507":0,"509":0,"511":0,"513":0,"514":0,"515":0,"516":0,"517":0,"518":0,"519":0,"521":0,"524":0,"527":0,"529":0,"534":0,"537":0,"540":0,"543":0,"544":0,"548":0,"549":0,"551":0,"555":0,"556":0,"566":0,"567":0,"574":0,"576":0,"579":0,"582":0,"583":0,"584":0,"585":0,"586":0,"587":0,"592":0,"593":0,"594":0,"595":0,"596":0,"597":0,"602":0,"608":0,"612":0,"614":0,"615":0,"617":0,"618":0,"621":0,"627":0,"628":0,"630":0,"634":1}}}